ARM GAS  C:\Users\khjtony\AppData\Local\Temp\ccE3XIhv.s 			page 1


   1              		.syntax unified
   2              		.cpu cortex-m3
   3              		.fpu softvfp
   4              		.eabi_attribute 20, 1
   5              		.eabi_attribute 21, 1
   6              		.eabi_attribute 23, 3
   7              		.eabi_attribute 24, 1
   8              		.eabi_attribute 25, 1
   9              		.eabi_attribute 26, 1
  10              		.eabi_attribute 30, 6
  11              		.eabi_attribute 34, 1
  12              		.eabi_attribute 18, 4
  13              		.thumb
  14              		.file	"cyfitter_cfg.c"
  15              		.text
  16              	.Ltext0:
  17              		.cfi_sections	.debug_frame
  18              		.section	.text.CYMEMZERO,"ax",%progbits
  19              		.align	2
  20              		.thumb
  21              		.thumb_func
  22              		.type	CYMEMZERO, %function
  23              	CYMEMZERO:
  24              	.LFB0:
  25              		.file 1 ".\\Generated_Source\\PSoC5\\cyfitter_cfg.c"
   1:.\Generated_Source\PSoC5/cyfitter_cfg.c **** /*******************************************************************************
   2:.\Generated_Source\PSoC5/cyfitter_cfg.c **** * FILENAME: cyfitter_cfg.c
   3:.\Generated_Source\PSoC5/cyfitter_cfg.c **** * PSoC Creator  3.1
   4:.\Generated_Source\PSoC5/cyfitter_cfg.c **** *
   5:.\Generated_Source\PSoC5/cyfitter_cfg.c **** * Description:
   6:.\Generated_Source\PSoC5/cyfitter_cfg.c **** * This file is automatically generated by PSoC Creator with device 
   7:.\Generated_Source\PSoC5/cyfitter_cfg.c **** * initialization code.  Except for the user defined sections in
   8:.\Generated_Source\PSoC5/cyfitter_cfg.c **** * CyClockStartupError(), this file should not be modified.
   9:.\Generated_Source\PSoC5/cyfitter_cfg.c **** *
  10:.\Generated_Source\PSoC5/cyfitter_cfg.c **** ********************************************************************************
  11:.\Generated_Source\PSoC5/cyfitter_cfg.c **** * Copyright 2013, Cypress Semiconductor Corporation.  All rights reserved.
  12:.\Generated_Source\PSoC5/cyfitter_cfg.c **** * You may use this file only in accordance with the license, terms, conditions, 
  13:.\Generated_Source\PSoC5/cyfitter_cfg.c **** * disclaimers, and limitations in the end user license agreement accompanying 
  14:.\Generated_Source\PSoC5/cyfitter_cfg.c **** * the software package with which this file was provided.
  15:.\Generated_Source\PSoC5/cyfitter_cfg.c **** ********************************************************************************/
  16:.\Generated_Source\PSoC5/cyfitter_cfg.c **** 
  17:.\Generated_Source\PSoC5/cyfitter_cfg.c **** #include <string.h>
  18:.\Generated_Source\PSoC5/cyfitter_cfg.c **** #include <cytypes.h>
  19:.\Generated_Source\PSoC5/cyfitter_cfg.c **** #include <cydevice_trm.h>
  20:.\Generated_Source\PSoC5/cyfitter_cfg.c **** #include <cyfitter.h>
  21:.\Generated_Source\PSoC5/cyfitter_cfg.c **** #include <CyLib.h>
  22:.\Generated_Source\PSoC5/cyfitter_cfg.c **** #include <cyfitter_cfg.h>
  23:.\Generated_Source\PSoC5/cyfitter_cfg.c **** 
  24:.\Generated_Source\PSoC5/cyfitter_cfg.c **** #define CY_NEED_CYCLOCKSTARTUPERROR 1
  25:.\Generated_Source\PSoC5/cyfitter_cfg.c **** 
  26:.\Generated_Source\PSoC5/cyfitter_cfg.c **** 
  27:.\Generated_Source\PSoC5/cyfitter_cfg.c **** #if defined(__GNUC__) || defined(__ARMCC_VERSION)
  28:.\Generated_Source\PSoC5/cyfitter_cfg.c ****     #define CYPACKED 
  29:.\Generated_Source\PSoC5/cyfitter_cfg.c ****     #define CYPACKED_ATTR __attribute__ ((packed))
  30:.\Generated_Source\PSoC5/cyfitter_cfg.c ****     #define CYALIGNED __attribute__ ((aligned))
  31:.\Generated_Source\PSoC5/cyfitter_cfg.c ****     #define CY_CFG_UNUSED __attribute__ ((unused))
  32:.\Generated_Source\PSoC5/cyfitter_cfg.c ****     #define CY_CFG_SECTION __attribute__ ((section(".psocinit")))
ARM GAS  C:\Users\khjtony\AppData\Local\Temp\ccE3XIhv.s 			page 2


  33:.\Generated_Source\PSoC5/cyfitter_cfg.c ****     
  34:.\Generated_Source\PSoC5/cyfitter_cfg.c ****     #if defined(__ARMCC_VERSION)
  35:.\Generated_Source\PSoC5/cyfitter_cfg.c ****         #define CY_CFG_MEMORY_BARRIER() __memory_changed()
  36:.\Generated_Source\PSoC5/cyfitter_cfg.c ****     #else
  37:.\Generated_Source\PSoC5/cyfitter_cfg.c ****         #define CY_CFG_MEMORY_BARRIER() __sync_synchronize()
  38:.\Generated_Source\PSoC5/cyfitter_cfg.c ****     #endif
  39:.\Generated_Source\PSoC5/cyfitter_cfg.c ****     
  40:.\Generated_Source\PSoC5/cyfitter_cfg.c **** #elif defined(__ICCARM__)
  41:.\Generated_Source\PSoC5/cyfitter_cfg.c ****     #include <intrinsics.h>
  42:.\Generated_Source\PSoC5/cyfitter_cfg.c **** 
  43:.\Generated_Source\PSoC5/cyfitter_cfg.c ****     #define CYPACKED __packed
  44:.\Generated_Source\PSoC5/cyfitter_cfg.c ****     #define CYPACKED_ATTR 
  45:.\Generated_Source\PSoC5/cyfitter_cfg.c ****     #define CYALIGNED _Pragma("data_alignment=4")
  46:.\Generated_Source\PSoC5/cyfitter_cfg.c ****     #define CY_CFG_UNUSED _Pragma("diag_suppress=Pe177")
  47:.\Generated_Source\PSoC5/cyfitter_cfg.c ****     #define CY_CFG_SECTION _Pragma("location=\".psocinit\"")
  48:.\Generated_Source\PSoC5/cyfitter_cfg.c ****     
  49:.\Generated_Source\PSoC5/cyfitter_cfg.c ****     #define CY_CFG_MEMORY_BARRIER() __DMB()
  50:.\Generated_Source\PSoC5/cyfitter_cfg.c ****     
  51:.\Generated_Source\PSoC5/cyfitter_cfg.c **** #else
  52:.\Generated_Source\PSoC5/cyfitter_cfg.c ****     #error Unsupported toolchain
  53:.\Generated_Source\PSoC5/cyfitter_cfg.c **** #endif
  54:.\Generated_Source\PSoC5/cyfitter_cfg.c **** 
  55:.\Generated_Source\PSoC5/cyfitter_cfg.c **** 
  56:.\Generated_Source\PSoC5/cyfitter_cfg.c **** CY_CFG_UNUSED
  57:.\Generated_Source\PSoC5/cyfitter_cfg.c **** static void CYMEMZERO(void *s, size_t n);
  58:.\Generated_Source\PSoC5/cyfitter_cfg.c **** CY_CFG_UNUSED
  59:.\Generated_Source\PSoC5/cyfitter_cfg.c **** static void CYMEMZERO(void *s, size_t n)
  60:.\Generated_Source\PSoC5/cyfitter_cfg.c **** {
  26              		.loc 1 60 0
  27              		.cfi_startproc
  28              		@ args = 0, pretend = 0, frame = 8
  29              		@ frame_needed = 1, uses_anonymous_args = 0
  30 0000 80B5     		push	{r7, lr}
  31              		.cfi_def_cfa_offset 8
  32              		.cfi_offset 7, -8
  33              		.cfi_offset 14, -4
  34 0002 82B0     		sub	sp, sp, #8
  35              		.cfi_def_cfa_offset 16
  36 0004 00AF     		add	r7, sp, #0
  37              		.cfi_def_cfa_register 7
  38 0006 7860     		str	r0, [r7, #4]
  39 0008 3960     		str	r1, [r7]
  61:.\Generated_Source\PSoC5/cyfitter_cfg.c **** 	(void)memset(s, 0, n);
  40              		.loc 1 61 0
  41 000a 7868     		ldr	r0, [r7, #4]
  42 000c 0021     		movs	r1, #0
  43 000e 3A68     		ldr	r2, [r7]
  44 0010 FFF7FEFF 		bl	memset
  62:.\Generated_Source\PSoC5/cyfitter_cfg.c **** }
  45              		.loc 1 62 0
  46 0014 0837     		adds	r7, r7, #8
  47 0016 BD46     		mov	sp, r7
  48              		@ sp needed
  49 0018 80BD     		pop	{r7, pc}
  50              		.cfi_endproc
  51              	.LFE0:
  52              		.size	CYMEMZERO, .-CYMEMZERO
ARM GAS  C:\Users\khjtony\AppData\Local\Temp\ccE3XIhv.s 			page 3


  53 001a 00BF     		.section	.text.CYCONFIGCPY,"ax",%progbits
  54              		.align	2
  55              		.thumb
  56              		.thumb_func
  57              		.type	CYCONFIGCPY, %function
  58              	CYCONFIGCPY:
  59              	.LFB1:
  63:.\Generated_Source\PSoC5/cyfitter_cfg.c **** CY_CFG_UNUSED
  64:.\Generated_Source\PSoC5/cyfitter_cfg.c **** static void CYCONFIGCPY(void *dest, const void *src, size_t n);
  65:.\Generated_Source\PSoC5/cyfitter_cfg.c **** CY_CFG_UNUSED
  66:.\Generated_Source\PSoC5/cyfitter_cfg.c **** static void CYCONFIGCPY(void *dest, const void *src, size_t n)
  67:.\Generated_Source\PSoC5/cyfitter_cfg.c **** {
  60              		.loc 1 67 0
  61              		.cfi_startproc
  62              		@ args = 0, pretend = 0, frame = 16
  63              		@ frame_needed = 1, uses_anonymous_args = 0
  64 0000 80B5     		push	{r7, lr}
  65              		.cfi_def_cfa_offset 8
  66              		.cfi_offset 7, -8
  67              		.cfi_offset 14, -4
  68 0002 84B0     		sub	sp, sp, #16
  69              		.cfi_def_cfa_offset 24
  70 0004 00AF     		add	r7, sp, #0
  71              		.cfi_def_cfa_register 7
  72 0006 F860     		str	r0, [r7, #12]
  73 0008 B960     		str	r1, [r7, #8]
  74 000a 7A60     		str	r2, [r7, #4]
  68:.\Generated_Source\PSoC5/cyfitter_cfg.c **** 	(void)memcpy(dest, src, n);
  75              		.loc 1 68 0
  76 000c F868     		ldr	r0, [r7, #12]
  77 000e B968     		ldr	r1, [r7, #8]
  78 0010 7A68     		ldr	r2, [r7, #4]
  79 0012 FFF7FEFF 		bl	memcpy
  69:.\Generated_Source\PSoC5/cyfitter_cfg.c **** }
  80              		.loc 1 69 0
  81 0016 1037     		adds	r7, r7, #16
  82 0018 BD46     		mov	sp, r7
  83              		@ sp needed
  84 001a 80BD     		pop	{r7, pc}
  85              		.cfi_endproc
  86              	.LFE1:
  87              		.size	CYCONFIGCPY, .-CYCONFIGCPY
  88              		.section	.text.CYCONFIGCPYCODE,"ax",%progbits
  89              		.align	2
  90              		.thumb
  91              		.thumb_func
  92              		.type	CYCONFIGCPYCODE, %function
  93              	CYCONFIGCPYCODE:
  94              	.LFB2:
  70:.\Generated_Source\PSoC5/cyfitter_cfg.c **** CY_CFG_UNUSED
  71:.\Generated_Source\PSoC5/cyfitter_cfg.c **** static void CYCONFIGCPYCODE(void *dest, const void *src, size_t n);
  72:.\Generated_Source\PSoC5/cyfitter_cfg.c **** CY_CFG_UNUSED
  73:.\Generated_Source\PSoC5/cyfitter_cfg.c **** static void CYCONFIGCPYCODE(void *dest, const void *src, size_t n)
  74:.\Generated_Source\PSoC5/cyfitter_cfg.c **** {
  95              		.loc 1 74 0
  96              		.cfi_startproc
  97              		@ args = 0, pretend = 0, frame = 16
ARM GAS  C:\Users\khjtony\AppData\Local\Temp\ccE3XIhv.s 			page 4


  98              		@ frame_needed = 1, uses_anonymous_args = 0
  99 0000 80B5     		push	{r7, lr}
 100              		.cfi_def_cfa_offset 8
 101              		.cfi_offset 7, -8
 102              		.cfi_offset 14, -4
 103 0002 84B0     		sub	sp, sp, #16
 104              		.cfi_def_cfa_offset 24
 105 0004 00AF     		add	r7, sp, #0
 106              		.cfi_def_cfa_register 7
 107 0006 F860     		str	r0, [r7, #12]
 108 0008 B960     		str	r1, [r7, #8]
 109 000a 7A60     		str	r2, [r7, #4]
  75:.\Generated_Source\PSoC5/cyfitter_cfg.c **** 	(void)memcpy(dest, src, n);
 110              		.loc 1 75 0
 111 000c F868     		ldr	r0, [r7, #12]
 112 000e B968     		ldr	r1, [r7, #8]
 113 0010 7A68     		ldr	r2, [r7, #4]
 114 0012 FFF7FEFF 		bl	memcpy
  76:.\Generated_Source\PSoC5/cyfitter_cfg.c **** }
 115              		.loc 1 76 0
 116 0016 1037     		adds	r7, r7, #16
 117 0018 BD46     		mov	sp, r7
 118              		@ sp needed
 119 001a 80BD     		pop	{r7, pc}
 120              		.cfi_endproc
 121              	.LFE2:
 122              		.size	CYCONFIGCPYCODE, .-CYCONFIGCPYCODE
 123              		.section	.text.CyClockStartupError,"ax",%progbits
 124              		.align	2
 125              		.thumb
 126              		.thumb_func
 127              		.type	CyClockStartupError, %function
 128              	CyClockStartupError:
 129              	.LFB3:
  77:.\Generated_Source\PSoC5/cyfitter_cfg.c **** 
  78:.\Generated_Source\PSoC5/cyfitter_cfg.c **** 
  79:.\Generated_Source\PSoC5/cyfitter_cfg.c **** 
  80:.\Generated_Source\PSoC5/cyfitter_cfg.c **** /* Clock startup error codes                                                   */
  81:.\Generated_Source\PSoC5/cyfitter_cfg.c **** #define CYCLOCKSTART_NO_ERROR    0u
  82:.\Generated_Source\PSoC5/cyfitter_cfg.c **** #define CYCLOCKSTART_XTAL_ERROR  1u
  83:.\Generated_Source\PSoC5/cyfitter_cfg.c **** #define CYCLOCKSTART_32KHZ_ERROR 2u
  84:.\Generated_Source\PSoC5/cyfitter_cfg.c **** #define CYCLOCKSTART_PLL_ERROR   3u
  85:.\Generated_Source\PSoC5/cyfitter_cfg.c **** 
  86:.\Generated_Source\PSoC5/cyfitter_cfg.c **** #ifdef CY_NEED_CYCLOCKSTARTUPERROR
  87:.\Generated_Source\PSoC5/cyfitter_cfg.c **** /*******************************************************************************
  88:.\Generated_Source\PSoC5/cyfitter_cfg.c **** * Function Name: CyClockStartupError
  89:.\Generated_Source\PSoC5/cyfitter_cfg.c **** ********************************************************************************
  90:.\Generated_Source\PSoC5/cyfitter_cfg.c **** * Summary:
  91:.\Generated_Source\PSoC5/cyfitter_cfg.c **** *  If an error is encountered during clock configuration (crystal startup error,
  92:.\Generated_Source\PSoC5/cyfitter_cfg.c **** *  PLL lock error, etc.), the system will end up here.  Unless reimplemented by
  93:.\Generated_Source\PSoC5/cyfitter_cfg.c **** *  the customer, this function will stop in an infinite loop.
  94:.\Generated_Source\PSoC5/cyfitter_cfg.c **** *
  95:.\Generated_Source\PSoC5/cyfitter_cfg.c **** * Parameters:
  96:.\Generated_Source\PSoC5/cyfitter_cfg.c **** *   void
  97:.\Generated_Source\PSoC5/cyfitter_cfg.c **** *
  98:.\Generated_Source\PSoC5/cyfitter_cfg.c **** * Return:
  99:.\Generated_Source\PSoC5/cyfitter_cfg.c **** *   void
ARM GAS  C:\Users\khjtony\AppData\Local\Temp\ccE3XIhv.s 			page 5


 100:.\Generated_Source\PSoC5/cyfitter_cfg.c **** *
 101:.\Generated_Source\PSoC5/cyfitter_cfg.c **** *******************************************************************************/
 102:.\Generated_Source\PSoC5/cyfitter_cfg.c **** CY_CFG_UNUSED
 103:.\Generated_Source\PSoC5/cyfitter_cfg.c **** static void CyClockStartupError(uint8 errorCode);
 104:.\Generated_Source\PSoC5/cyfitter_cfg.c **** CY_CFG_UNUSED
 105:.\Generated_Source\PSoC5/cyfitter_cfg.c **** static void CyClockStartupError(uint8 errorCode)
 106:.\Generated_Source\PSoC5/cyfitter_cfg.c **** {
 130              		.loc 1 106 0
 131              		.cfi_startproc
 132              		@ args = 0, pretend = 0, frame = 8
 133              		@ frame_needed = 1, uses_anonymous_args = 0
 134              		@ link register save eliminated.
 135 0000 80B4     		push	{r7}
 136              		.cfi_def_cfa_offset 4
 137              		.cfi_offset 7, -4
 138 0002 83B0     		sub	sp, sp, #12
 139              		.cfi_def_cfa_offset 16
 140 0004 00AF     		add	r7, sp, #0
 141              		.cfi_def_cfa_register 7
 142 0006 0346     		mov	r3, r0
 143 0008 FB71     		strb	r3, [r7, #7]
 144              	.L5:
 107:.\Generated_Source\PSoC5/cyfitter_cfg.c ****     /* To remove the compiler warning if errorCode not used.                */
 108:.\Generated_Source\PSoC5/cyfitter_cfg.c ****     errorCode = errorCode;
 109:.\Generated_Source\PSoC5/cyfitter_cfg.c **** 
 110:.\Generated_Source\PSoC5/cyfitter_cfg.c ****     /* `#START CyClockStartupError` */
 111:.\Generated_Source\PSoC5/cyfitter_cfg.c **** 
 112:.\Generated_Source\PSoC5/cyfitter_cfg.c ****     /* If we have a clock startup error (bad MHz crystal, PLL lock, etc.),  */
 113:.\Generated_Source\PSoC5/cyfitter_cfg.c ****     /* we will end up here to allow the customer to implement something to  */
 114:.\Generated_Source\PSoC5/cyfitter_cfg.c ****     /* deal with the clock condition.                                       */
 115:.\Generated_Source\PSoC5/cyfitter_cfg.c **** 
 116:.\Generated_Source\PSoC5/cyfitter_cfg.c ****     /* `#END` */
 117:.\Generated_Source\PSoC5/cyfitter_cfg.c **** 
 118:.\Generated_Source\PSoC5/cyfitter_cfg.c ****     /* If nothing else, stop here since the clocks have not started         */
 119:.\Generated_Source\PSoC5/cyfitter_cfg.c ****     /* correctly.                                                           */
 120:.\Generated_Source\PSoC5/cyfitter_cfg.c ****     while(1) {}
 145              		.loc 1 120 0 discriminator 1
 146 000a FEE7     		b	.L5
 147              		.cfi_endproc
 148              	.LFE3:
 149              		.size	CyClockStartupError, .-CyClockStartupError
 150              		.section	.text.cfg_write_bytes32,"ax",%progbits
 151              		.align	2
 152              		.thumb
 153              		.thumb_func
 154              		.type	cfg_write_bytes32, %function
 155              	cfg_write_bytes32:
 156              	.LFB4:
 121:.\Generated_Source\PSoC5/cyfitter_cfg.c **** }
 122:.\Generated_Source\PSoC5/cyfitter_cfg.c **** #endif
 123:.\Generated_Source\PSoC5/cyfitter_cfg.c **** 
 124:.\Generated_Source\PSoC5/cyfitter_cfg.c **** #define CY_CFG_BASE_ADDR_COUNT 14u
 125:.\Generated_Source\PSoC5/cyfitter_cfg.c **** CYPACKED typedef struct
 126:.\Generated_Source\PSoC5/cyfitter_cfg.c **** {
 127:.\Generated_Source\PSoC5/cyfitter_cfg.c **** 	uint8 offset;
 128:.\Generated_Source\PSoC5/cyfitter_cfg.c **** 	uint8 value;
 129:.\Generated_Source\PSoC5/cyfitter_cfg.c **** } CYPACKED_ATTR cy_cfg_addrvalue_t;
ARM GAS  C:\Users\khjtony\AppData\Local\Temp\ccE3XIhv.s 			page 6


 130:.\Generated_Source\PSoC5/cyfitter_cfg.c **** 
 131:.\Generated_Source\PSoC5/cyfitter_cfg.c **** #define cy_cfg_addr_table ((const uint32 CYFAR *)0x48000000u)
 132:.\Generated_Source\PSoC5/cyfitter_cfg.c **** #define cy_cfg_data_table ((const cy_cfg_addrvalue_t CYFAR *)0x48000038u)
 133:.\Generated_Source\PSoC5/cyfitter_cfg.c **** 
 134:.\Generated_Source\PSoC5/cyfitter_cfg.c **** /* IOPINS0_0 Address: CYREG_PRT0_DM0 Size (bytes): 8 */
 135:.\Generated_Source\PSoC5/cyfitter_cfg.c **** #define BS_IOPINS0_0_VAL ((const uint8 CYFAR *)0x48000070u)
 136:.\Generated_Source\PSoC5/cyfitter_cfg.c **** 
 137:.\Generated_Source\PSoC5/cyfitter_cfg.c **** 
 138:.\Generated_Source\PSoC5/cyfitter_cfg.c **** /*******************************************************************************
 139:.\Generated_Source\PSoC5/cyfitter_cfg.c **** * Function Name: cfg_write_bytes32
 140:.\Generated_Source\PSoC5/cyfitter_cfg.c **** ********************************************************************************
 141:.\Generated_Source\PSoC5/cyfitter_cfg.c **** * Summary:
 142:.\Generated_Source\PSoC5/cyfitter_cfg.c **** *  This function is used for setting up the chip configuration areas that
 143:.\Generated_Source\PSoC5/cyfitter_cfg.c **** *  contain relatively sparse data.
 144:.\Generated_Source\PSoC5/cyfitter_cfg.c **** *
 145:.\Generated_Source\PSoC5/cyfitter_cfg.c **** * Parameters:
 146:.\Generated_Source\PSoC5/cyfitter_cfg.c **** *   void
 147:.\Generated_Source\PSoC5/cyfitter_cfg.c **** *
 148:.\Generated_Source\PSoC5/cyfitter_cfg.c **** * Return:
 149:.\Generated_Source\PSoC5/cyfitter_cfg.c **** *   void
 150:.\Generated_Source\PSoC5/cyfitter_cfg.c **** *
 151:.\Generated_Source\PSoC5/cyfitter_cfg.c **** *******************************************************************************/
 152:.\Generated_Source\PSoC5/cyfitter_cfg.c **** static void cfg_write_bytes32(const uint32 addr_table[], const cy_cfg_addrvalue_t data_table[]);
 153:.\Generated_Source\PSoC5/cyfitter_cfg.c **** static void cfg_write_bytes32(const uint32 addr_table[], const cy_cfg_addrvalue_t data_table[])
 154:.\Generated_Source\PSoC5/cyfitter_cfg.c **** {
 157              		.loc 1 154 0
 158              		.cfi_startproc
 159              		@ args = 0, pretend = 0, frame = 24
 160              		@ frame_needed = 1, uses_anonymous_args = 0
 161              		@ link register save eliminated.
 162 0000 80B4     		push	{r7}
 163              		.cfi_def_cfa_offset 4
 164              		.cfi_offset 7, -4
 165 0002 87B0     		sub	sp, sp, #28
 166              		.cfi_def_cfa_offset 32
 167 0004 00AF     		add	r7, sp, #0
 168              		.cfi_def_cfa_register 7
 169 0006 7860     		str	r0, [r7, #4]
 170 0008 3960     		str	r1, [r7]
 155:.\Generated_Source\PSoC5/cyfitter_cfg.c **** 	/* For 32-bit little-endian architectures */
 156:.\Generated_Source\PSoC5/cyfitter_cfg.c **** 	uint32 i, j = 0u;
 171              		.loc 1 156 0
 172 000a 0023     		movs	r3, #0
 173 000c 3B61     		str	r3, [r7, #16]
 157:.\Generated_Source\PSoC5/cyfitter_cfg.c **** 	for (i = 0u; i < CY_CFG_BASE_ADDR_COUNT; i++)
 174              		.loc 1 157 0
 175 000e 0023     		movs	r3, #0
 176 0010 7B61     		str	r3, [r7, #20]
 177 0012 26E0     		b	.L7
 178              	.L10:
 179              	.LBB2:
 158:.\Generated_Source\PSoC5/cyfitter_cfg.c **** 	{
 159:.\Generated_Source\PSoC5/cyfitter_cfg.c **** 		uint32 baseAddr = addr_table[i];
 180              		.loc 1 159 0
 181 0014 7B69     		ldr	r3, [r7, #20]
 182 0016 9B00     		lsls	r3, r3, #2
 183 0018 7A68     		ldr	r2, [r7, #4]
ARM GAS  C:\Users\khjtony\AppData\Local\Temp\ccE3XIhv.s 			page 7


 184 001a 1344     		add	r3, r3, r2
 185 001c 1B68     		ldr	r3, [r3]
 186 001e BB60     		str	r3, [r7, #8]
 160:.\Generated_Source\PSoC5/cyfitter_cfg.c **** 		uint8 count = (uint8)baseAddr;
 187              		.loc 1 160 0
 188 0020 BB68     		ldr	r3, [r7, #8]
 189 0022 FB73     		strb	r3, [r7, #15]
 161:.\Generated_Source\PSoC5/cyfitter_cfg.c **** 		baseAddr &= 0xFFFFFF00u;
 190              		.loc 1 161 0
 191 0024 BB68     		ldr	r3, [r7, #8]
 192 0026 23F0FF03 		bic	r3, r3, #255
 193 002a BB60     		str	r3, [r7, #8]
 162:.\Generated_Source\PSoC5/cyfitter_cfg.c **** 		while (count != 0u)
 194              		.loc 1 162 0
 195 002c 13E0     		b	.L8
 196              	.L9:
 163:.\Generated_Source\PSoC5/cyfitter_cfg.c **** 		{
 164:.\Generated_Source\PSoC5/cyfitter_cfg.c **** 			CY_SET_XTND_REG8((void CYFAR *)(baseAddr + data_table[j].offset), data_table[j].value);
 197              		.loc 1 164 0
 198 002e 3B69     		ldr	r3, [r7, #16]
 199 0030 5B00     		lsls	r3, r3, #1
 200 0032 3A68     		ldr	r2, [r7]
 201 0034 1344     		add	r3, r3, r2
 202 0036 1B78     		ldrb	r3, [r3]	@ zero_extendqisi2
 203 0038 1A46     		mov	r2, r3
 204 003a BB68     		ldr	r3, [r7, #8]
 205 003c 1344     		add	r3, r3, r2
 206 003e 3A69     		ldr	r2, [r7, #16]
 207 0040 5200     		lsls	r2, r2, #1
 208 0042 3968     		ldr	r1, [r7]
 209 0044 0A44     		add	r2, r2, r1
 210 0046 5278     		ldrb	r2, [r2, #1]	@ zero_extendqisi2
 211 0048 1A70     		strb	r2, [r3]
 165:.\Generated_Source\PSoC5/cyfitter_cfg.c **** 			j++;
 212              		.loc 1 165 0
 213 004a 3B69     		ldr	r3, [r7, #16]
 214 004c 0133     		adds	r3, r3, #1
 215 004e 3B61     		str	r3, [r7, #16]
 166:.\Generated_Source\PSoC5/cyfitter_cfg.c **** 			count--;
 216              		.loc 1 166 0
 217 0050 FB7B     		ldrb	r3, [r7, #15]	@ zero_extendqisi2
 218 0052 013B     		subs	r3, r3, #1
 219 0054 FB73     		strb	r3, [r7, #15]
 220              	.L8:
 162:.\Generated_Source\PSoC5/cyfitter_cfg.c **** 		while (count != 0u)
 221              		.loc 1 162 0 discriminator 1
 222 0056 FB7B     		ldrb	r3, [r7, #15]	@ zero_extendqisi2
 223 0058 002B     		cmp	r3, #0
 224 005a E8D1     		bne	.L9
 225              	.LBE2:
 157:.\Generated_Source\PSoC5/cyfitter_cfg.c **** 	for (i = 0u; i < CY_CFG_BASE_ADDR_COUNT; i++)
 226              		.loc 1 157 0
 227 005c 7B69     		ldr	r3, [r7, #20]
 228 005e 0133     		adds	r3, r3, #1
 229 0060 7B61     		str	r3, [r7, #20]
 230              	.L7:
 157:.\Generated_Source\PSoC5/cyfitter_cfg.c **** 	for (i = 0u; i < CY_CFG_BASE_ADDR_COUNT; i++)
ARM GAS  C:\Users\khjtony\AppData\Local\Temp\ccE3XIhv.s 			page 8


 231              		.loc 1 157 0 is_stmt 0 discriminator 1
 232 0062 7B69     		ldr	r3, [r7, #20]
 233 0064 0D2B     		cmp	r3, #13
 234 0066 D5D9     		bls	.L10
 167:.\Generated_Source\PSoC5/cyfitter_cfg.c **** 		}
 168:.\Generated_Source\PSoC5/cyfitter_cfg.c **** 	}
 169:.\Generated_Source\PSoC5/cyfitter_cfg.c **** }
 235              		.loc 1 169 0 is_stmt 1
 236 0068 1C37     		adds	r7, r7, #28
 237 006a BD46     		mov	sp, r7
 238              		@ sp needed
 239 006c 5DF8047B 		ldr	r7, [sp], #4
 240 0070 7047     		bx	lr
 241              		.cfi_endproc
 242              	.LFE4:
 243              		.size	cfg_write_bytes32, .-cfg_write_bytes32
 244 0072 00BF     		.section	.text.ClockSetup,"ax",%progbits
 245              		.align	2
 246              		.thumb
 247              		.thumb_func
 248              		.type	ClockSetup, %function
 249              	ClockSetup:
 250              	.LFB5:
 170:.\Generated_Source\PSoC5/cyfitter_cfg.c **** 
 171:.\Generated_Source\PSoC5/cyfitter_cfg.c **** /*******************************************************************************
 172:.\Generated_Source\PSoC5/cyfitter_cfg.c **** * Function Name: ClockSetup
 173:.\Generated_Source\PSoC5/cyfitter_cfg.c **** ********************************************************************************
 174:.\Generated_Source\PSoC5/cyfitter_cfg.c **** *
 175:.\Generated_Source\PSoC5/cyfitter_cfg.c **** * Summary:
 176:.\Generated_Source\PSoC5/cyfitter_cfg.c **** *  Performs the initialization of all of the clocks in the device based on the
 177:.\Generated_Source\PSoC5/cyfitter_cfg.c **** *  settings in the Clock tab of the DWR.  This includes enabling the requested
 178:.\Generated_Source\PSoC5/cyfitter_cfg.c **** *  clocks and setting the necessary dividers to produce the desired frequency. 
 179:.\Generated_Source\PSoC5/cyfitter_cfg.c **** *
 180:.\Generated_Source\PSoC5/cyfitter_cfg.c **** * Parameters:
 181:.\Generated_Source\PSoC5/cyfitter_cfg.c **** *  void
 182:.\Generated_Source\PSoC5/cyfitter_cfg.c **** *
 183:.\Generated_Source\PSoC5/cyfitter_cfg.c **** * Return:
 184:.\Generated_Source\PSoC5/cyfitter_cfg.c **** *  void
 185:.\Generated_Source\PSoC5/cyfitter_cfg.c **** *
 186:.\Generated_Source\PSoC5/cyfitter_cfg.c **** *******************************************************************************/
 187:.\Generated_Source\PSoC5/cyfitter_cfg.c **** static void ClockSetup(void);
 188:.\Generated_Source\PSoC5/cyfitter_cfg.c **** static void ClockSetup(void)
 189:.\Generated_Source\PSoC5/cyfitter_cfg.c **** {
 251              		.loc 1 189 0
 252              		.cfi_startproc
 253              		@ args = 0, pretend = 0, frame = 8
 254              		@ frame_needed = 1, uses_anonymous_args = 0
 255 0000 80B5     		push	{r7, lr}
 256              		.cfi_def_cfa_offset 8
 257              		.cfi_offset 7, -8
 258              		.cfi_offset 14, -4
 259 0002 82B0     		sub	sp, sp, #8
 260              		.cfi_def_cfa_offset 16
 261 0004 00AF     		add	r7, sp, #0
 262              		.cfi_def_cfa_register 7
 190:.\Generated_Source\PSoC5/cyfitter_cfg.c **** 	uint32 timeout;
 191:.\Generated_Source\PSoC5/cyfitter_cfg.c **** 	uint8 pllLock;
ARM GAS  C:\Users\khjtony\AppData\Local\Temp\ccE3XIhv.s 			page 9


 192:.\Generated_Source\PSoC5/cyfitter_cfg.c **** 
 193:.\Generated_Source\PSoC5/cyfitter_cfg.c **** 
 194:.\Generated_Source\PSoC5/cyfitter_cfg.c **** 	/* Configure ILO based on settings from Clock DWR */
 195:.\Generated_Source\PSoC5/cyfitter_cfg.c **** 	CY_SET_XTND_REG8((void CYFAR *)(CYREG_SLOWCLK_ILO_CR0), 0x02u);
 263              		.loc 1 195 0
 264 0006 294B     		ldr	r3, .L16
 265 0008 0222     		movs	r2, #2
 266 000a 1A70     		strb	r2, [r3]
 196:.\Generated_Source\PSoC5/cyfitter_cfg.c **** 	CY_SET_XTND_REG8((void CYFAR *)(CYREG_CLKDIST_CR), 0x08u);
 267              		.loc 1 196 0
 268 000c 4FF04023 		mov	r3, #1073758208
 269 0010 0822     		movs	r2, #8
 270 0012 1A70     		strb	r2, [r3]
 197:.\Generated_Source\PSoC5/cyfitter_cfg.c **** 
 198:.\Generated_Source\PSoC5/cyfitter_cfg.c **** 	/* Configure IMO based on settings from Clock DWR */
 199:.\Generated_Source\PSoC5/cyfitter_cfg.c **** 	CY_SET_XTND_REG8((void CYFAR *)(CYREG_FASTCLK_IMO_CR), 0x03u);
 271              		.loc 1 199 0
 272 0014 264B     		ldr	r3, .L16+4
 273 0016 0322     		movs	r2, #3
 274 0018 1A70     		strb	r2, [r3]
 200:.\Generated_Source\PSoC5/cyfitter_cfg.c **** 	CY_SET_XTND_REG8((void CYFAR *)(CYREG_IMO_TR1), (CY_GET_XTND_REG8((void CYFAR *)CYREG_FLSHID_CUST_
 275              		.loc 1 200 0
 276 001a 264B     		ldr	r3, .L16+8
 277 001c 264A     		ldr	r2, .L16+12
 278 001e 1278     		ldrb	r2, [r2]
 279 0020 D2B2     		uxtb	r2, r2
 280 0022 1A70     		strb	r2, [r3]
 201:.\Generated_Source\PSoC5/cyfitter_cfg.c **** 
 202:.\Generated_Source\PSoC5/cyfitter_cfg.c **** 	/* Configure PLL based on settings from Clock DWR */
 203:.\Generated_Source\PSoC5/cyfitter_cfg.c **** 	CY_SET_XTND_REG16((void CYFAR *)(CYREG_FASTCLK_PLL_P), 0x0008u);
 281              		.loc 1 203 0
 282 0024 254B     		ldr	r3, .L16+16
 283 0026 0822     		movs	r2, #8
 284 0028 1A80     		strh	r2, [r3]	@ movhi
 204:.\Generated_Source\PSoC5/cyfitter_cfg.c **** 	CY_SET_XTND_REG16((void CYFAR *)(CYREG_FASTCLK_PLL_CFG0), 0x1251u);
 285              		.loc 1 204 0
 286 002a 254B     		ldr	r3, .L16+20
 287 002c 41F25122 		movw	r2, #4689
 288 0030 1A80     		strh	r2, [r3]	@ movhi
 205:.\Generated_Source\PSoC5/cyfitter_cfg.c **** 	/* Wait up to 250us for the PLL to lock */
 206:.\Generated_Source\PSoC5/cyfitter_cfg.c **** 	pllLock = 0u;
 289              		.loc 1 206 0
 290 0032 0023     		movs	r3, #0
 291 0034 FB70     		strb	r3, [r7, #3]
 207:.\Generated_Source\PSoC5/cyfitter_cfg.c **** 	for (timeout = 250u / 10u; (timeout > 0u) && (pllLock != 0x03u); timeout--)
 292              		.loc 1 207 0
 293 0036 1923     		movs	r3, #25
 294 0038 7B60     		str	r3, [r7, #4]
 295 003a 14E0     		b	.L12
 296              	.L14:
 208:.\Generated_Source\PSoC5/cyfitter_cfg.c **** 	{ 
 209:.\Generated_Source\PSoC5/cyfitter_cfg.c **** 		pllLock = 0x03u & ((uint8)((uint8)pllLock << 1) | ((CY_GET_XTND_REG8((void CYFAR *)CYREG_FASTCLK_
 297              		.loc 1 209 0 discriminator 1
 298 003c FB78     		ldrb	r3, [r7, #3]
 299 003e 5B00     		lsls	r3, r3, #1
 300 0040 DAB2     		uxtb	r2, r3
 301 0042 204B     		ldr	r3, .L16+24
ARM GAS  C:\Users\khjtony\AppData\Local\Temp\ccE3XIhv.s 			page 10


 302 0044 1B78     		ldrb	r3, [r3]
 303 0046 DBB2     		uxtb	r3, r3
 304 0048 03F00103 		and	r3, r3, #1
 305 004c DBB2     		uxtb	r3, r3
 306 004e 1343     		orrs	r3, r3, r2
 307 0050 DBB2     		uxtb	r3, r3
 308 0052 03F00303 		and	r3, r3, #3
 309 0056 FB70     		strb	r3, [r7, #3]
 210:.\Generated_Source\PSoC5/cyfitter_cfg.c **** 		CyDelayCycles(10u * 48u); /* Delay 10us based on 48MHz clock */
 310              		.loc 1 210 0 discriminator 1
 311 0058 4FF4F070 		mov	r0, #480
 312 005c FFF7FEFF 		bl	CyDelayCycles
 207:.\Generated_Source\PSoC5/cyfitter_cfg.c **** 	for (timeout = 250u / 10u; (timeout > 0u) && (pllLock != 0x03u); timeout--)
 313              		.loc 1 207 0 discriminator 1
 314 0060 7B68     		ldr	r3, [r7, #4]
 315 0062 013B     		subs	r3, r3, #1
 316 0064 7B60     		str	r3, [r7, #4]
 317              	.L12:
 318 0066 7B68     		ldr	r3, [r7, #4]
 319 0068 002B     		cmp	r3, #0
 320 006a 02D0     		beq	.L13
 207:.\Generated_Source\PSoC5/cyfitter_cfg.c **** 	for (timeout = 250u / 10u; (timeout > 0u) && (pllLock != 0x03u); timeout--)
 321              		.loc 1 207 0 is_stmt 0 discriminator 2
 322 006c FB78     		ldrb	r3, [r7, #3]	@ zero_extendqisi2
 323 006e 032B     		cmp	r3, #3
 324 0070 E4D1     		bne	.L14
 325              	.L13:
 211:.\Generated_Source\PSoC5/cyfitter_cfg.c **** 	}
 212:.\Generated_Source\PSoC5/cyfitter_cfg.c **** 	/* If we ran out of time the PLL didn't lock so go to the error function */
 213:.\Generated_Source\PSoC5/cyfitter_cfg.c **** 	if (timeout == 0u)
 326              		.loc 1 213 0 is_stmt 1
 327 0072 7B68     		ldr	r3, [r7, #4]
 328 0074 002B     		cmp	r3, #0
 329 0076 02D1     		bne	.L15
 214:.\Generated_Source\PSoC5/cyfitter_cfg.c **** 	{
 215:.\Generated_Source\PSoC5/cyfitter_cfg.c **** 		CyClockStartupError(CYCLOCKSTART_PLL_ERROR);
 330              		.loc 1 215 0
 331 0078 0320     		movs	r0, #3
 332 007a FFF7FEFF 		bl	CyClockStartupError
 333              	.L15:
 216:.\Generated_Source\PSoC5/cyfitter_cfg.c **** 	}
 217:.\Generated_Source\PSoC5/cyfitter_cfg.c **** 
 218:.\Generated_Source\PSoC5/cyfitter_cfg.c **** 	/* Configure Bus/Master Clock based on settings from Clock DWR */
 219:.\Generated_Source\PSoC5/cyfitter_cfg.c **** 	CY_SET_XTND_REG16((void CYFAR *)(CYREG_CLKDIST_MSTR0), 0x0100u);
 334              		.loc 1 219 0
 335 007e 124B     		ldr	r3, .L16+28
 336 0080 4FF48072 		mov	r2, #256
 337 0084 1A80     		strh	r2, [r3]	@ movhi
 220:.\Generated_Source\PSoC5/cyfitter_cfg.c **** 	CY_SET_XTND_REG8((void CYFAR *)(CYREG_CLKDIST_MSTR0), 0x07u);
 338              		.loc 1 220 0
 339 0086 104B     		ldr	r3, .L16+28
 340 0088 0722     		movs	r2, #7
 341 008a 1A70     		strb	r2, [r3]
 221:.\Generated_Source\PSoC5/cyfitter_cfg.c **** 	CY_SET_XTND_REG8((void CYFAR *)(CYREG_CLKDIST_BCFG0), 0x00u);
 342              		.loc 1 221 0
 343 008c 0F4B     		ldr	r3, .L16+32
 344 008e 0022     		movs	r2, #0
ARM GAS  C:\Users\khjtony\AppData\Local\Temp\ccE3XIhv.s 			page 11


 345 0090 1A70     		strb	r2, [r3]
 222:.\Generated_Source\PSoC5/cyfitter_cfg.c **** 	CY_SET_XTND_REG8((void CYFAR *)(CYREG_CLKDIST_BCFG2), 0x48u);
 346              		.loc 1 222 0
 347 0092 0F4B     		ldr	r3, .L16+36
 348 0094 4822     		movs	r2, #72
 349 0096 1A70     		strb	r2, [r3]
 223:.\Generated_Source\PSoC5/cyfitter_cfg.c **** 	CY_SET_XTND_REG8((void CYFAR *)(CYREG_CLKDIST_MSTR0), 0x00u);
 350              		.loc 1 223 0
 351 0098 0B4B     		ldr	r3, .L16+28
 352 009a 0022     		movs	r2, #0
 353 009c 1A70     		strb	r2, [r3]
 224:.\Generated_Source\PSoC5/cyfitter_cfg.c **** 	CY_SET_XTND_REG8((void CYFAR *)(CYREG_CLKDIST_LD), 0x02u);
 354              		.loc 1 224 0
 355 009e 0D4B     		ldr	r3, .L16+40
 356 00a0 0222     		movs	r2, #2
 357 00a2 1A70     		strb	r2, [r3]
 225:.\Generated_Source\PSoC5/cyfitter_cfg.c **** }
 358              		.loc 1 225 0
 359 00a4 0837     		adds	r7, r7, #8
 360 00a6 BD46     		mov	sp, r7
 361              		@ sp needed
 362 00a8 80BD     		pop	{r7, pc}
 363              	.L17:
 364 00aa 00BF     		.align	2
 365              	.L16:
 366 00ac 00430040 		.word	1073758976
 367 00b0 00420040 		.word	1073758720
 368 00b4 A1460040 		.word	1073759905
 369 00b8 08010049 		.word	1224737032
 370 00bc 22420040 		.word	1073758754
 371 00c0 20420040 		.word	1073758752
 372 00c4 25420040 		.word	1073758757
 373 00c8 04400040 		.word	1073758212
 374 00cc 06400040 		.word	1073758214
 375 00d0 08400040 		.word	1073758216
 376 00d4 01400040 		.word	1073758209
 377              		.cfi_endproc
 378              	.LFE5:
 379              		.size	ClockSetup, .-ClockSetup
 380              		.section	.text.AnalogSetDefault,"ax",%progbits
 381              		.align	2
 382              		.thumb
 383              		.thumb_func
 384              		.type	AnalogSetDefault, %function
 385              	AnalogSetDefault:
 386              	.LFB6:
 226:.\Generated_Source\PSoC5/cyfitter_cfg.c **** 
 227:.\Generated_Source\PSoC5/cyfitter_cfg.c **** 
 228:.\Generated_Source\PSoC5/cyfitter_cfg.c **** /* Analog API Functions */
 229:.\Generated_Source\PSoC5/cyfitter_cfg.c **** 
 230:.\Generated_Source\PSoC5/cyfitter_cfg.c **** 
 231:.\Generated_Source\PSoC5/cyfitter_cfg.c **** /*******************************************************************************
 232:.\Generated_Source\PSoC5/cyfitter_cfg.c **** * Function Name: AnalogSetDefault
 233:.\Generated_Source\PSoC5/cyfitter_cfg.c **** ********************************************************************************
 234:.\Generated_Source\PSoC5/cyfitter_cfg.c **** *
 235:.\Generated_Source\PSoC5/cyfitter_cfg.c **** * Summary:
 236:.\Generated_Source\PSoC5/cyfitter_cfg.c **** *  Sets up the analog portions of the chip to default values based on chip
ARM GAS  C:\Users\khjtony\AppData\Local\Temp\ccE3XIhv.s 			page 12


 237:.\Generated_Source\PSoC5/cyfitter_cfg.c **** *  configuration options from the project.
 238:.\Generated_Source\PSoC5/cyfitter_cfg.c **** *
 239:.\Generated_Source\PSoC5/cyfitter_cfg.c **** * Parameters:
 240:.\Generated_Source\PSoC5/cyfitter_cfg.c **** *  void
 241:.\Generated_Source\PSoC5/cyfitter_cfg.c **** *
 242:.\Generated_Source\PSoC5/cyfitter_cfg.c **** * Return:
 243:.\Generated_Source\PSoC5/cyfitter_cfg.c **** *  void
 244:.\Generated_Source\PSoC5/cyfitter_cfg.c **** *
 245:.\Generated_Source\PSoC5/cyfitter_cfg.c **** *******************************************************************************/
 246:.\Generated_Source\PSoC5/cyfitter_cfg.c **** static void AnalogSetDefault(void);
 247:.\Generated_Source\PSoC5/cyfitter_cfg.c **** static void AnalogSetDefault(void)
 248:.\Generated_Source\PSoC5/cyfitter_cfg.c **** {
 387              		.loc 1 248 0
 388              		.cfi_startproc
 389              		@ args = 0, pretend = 0, frame = 8
 390              		@ frame_needed = 1, uses_anonymous_args = 0
 391              		@ link register save eliminated.
 392 0000 80B4     		push	{r7}
 393              		.cfi_def_cfa_offset 4
 394              		.cfi_offset 7, -4
 395 0002 83B0     		sub	sp, sp, #12
 396              		.cfi_def_cfa_offset 16
 397 0004 00AF     		add	r7, sp, #0
 398              		.cfi_def_cfa_register 7
 249:.\Generated_Source\PSoC5/cyfitter_cfg.c **** 	uint8 bg_xover_inl_trim = CY_GET_XTND_REG8((void CYFAR *)(CYREG_FLSHID_MFG_CFG_BG_XOVER_INL_TRIM +
 399              		.loc 1 249 0
 400 0006 0B4B     		ldr	r3, .L19
 401 0008 1B78     		ldrb	r3, [r3]
 402 000a FB71     		strb	r3, [r7, #7]
 250:.\Generated_Source\PSoC5/cyfitter_cfg.c **** 	CY_SET_XTND_REG8((void CYFAR *)(CYREG_BG_DFT0), (bg_xover_inl_trim & 0x07u));
 403              		.loc 1 250 0
 404 000c 0A4B     		ldr	r3, .L19+4
 405 000e FA79     		ldrb	r2, [r7, #7]
 406 0010 02F00702 		and	r2, r2, #7
 407 0014 D2B2     		uxtb	r2, r2
 408 0016 1A70     		strb	r2, [r3]
 251:.\Generated_Source\PSoC5/cyfitter_cfg.c **** 	CY_SET_XTND_REG8((void CYFAR *)(CYREG_BG_DFT1), ((bg_xover_inl_trim >> 4) & 0x0Fu));
 409              		.loc 1 251 0
 410 0018 084B     		ldr	r3, .L19+8
 411 001a FA79     		ldrb	r2, [r7, #7]	@ zero_extendqisi2
 412 001c 1209     		lsrs	r2, r2, #4
 413 001e D2B2     		uxtb	r2, r2
 414 0020 1A70     		strb	r2, [r3]
 252:.\Generated_Source\PSoC5/cyfitter_cfg.c **** 	CY_SET_XTND_REG8((void CYFAR *)CYREG_PUMP_CR0, 0x44u);
 415              		.loc 1 252 0
 416 0022 074B     		ldr	r3, .L19+12
 417 0024 4422     		movs	r2, #68
 418 0026 1A70     		strb	r2, [r3]
 253:.\Generated_Source\PSoC5/cyfitter_cfg.c **** }
 419              		.loc 1 253 0
 420 0028 0C37     		adds	r7, r7, #12
 421 002a BD46     		mov	sp, r7
 422              		@ sp needed
 423 002c 5DF8047B 		ldr	r7, [sp], #4
 424 0030 7047     		bx	lr
 425              	.L20:
 426 0032 00BF     		.align	2
ARM GAS  C:\Users\khjtony\AppData\Local\Temp\ccE3XIhv.s 			page 13


 427              	.L19:
 428 0034 CF010049 		.word	1224737231
 429 0038 6E580040 		.word	1073764462
 430 003c 6F580040 		.word	1073764463
 431 0040 76580040 		.word	1073764470
 432              		.cfi_endproc
 433              	.LFE6:
 434              		.size	AnalogSetDefault, .-AnalogSetDefault
 435              		.section	.text.SetAnalogRoutingPumps,"ax",%progbits
 436              		.align	2
 437              		.global	SetAnalogRoutingPumps
 438              		.thumb
 439              		.thumb_func
 440              		.type	SetAnalogRoutingPumps, %function
 441              	SetAnalogRoutingPumps:
 442              	.LFB7:
 254:.\Generated_Source\PSoC5/cyfitter_cfg.c **** 
 255:.\Generated_Source\PSoC5/cyfitter_cfg.c **** 
 256:.\Generated_Source\PSoC5/cyfitter_cfg.c **** /*******************************************************************************
 257:.\Generated_Source\PSoC5/cyfitter_cfg.c **** * Function Name: SetAnalogRoutingPumps
 258:.\Generated_Source\PSoC5/cyfitter_cfg.c **** ********************************************************************************
 259:.\Generated_Source\PSoC5/cyfitter_cfg.c **** *
 260:.\Generated_Source\PSoC5/cyfitter_cfg.c **** * Summary:
 261:.\Generated_Source\PSoC5/cyfitter_cfg.c **** * Enables or disables the analog pumps feeding analog routing switches.
 262:.\Generated_Source\PSoC5/cyfitter_cfg.c **** * Intended to be called at startup, based on the Vdda system configuration;
 263:.\Generated_Source\PSoC5/cyfitter_cfg.c **** * may be called during operation when the user informs us that the Vdda voltage
 264:.\Generated_Source\PSoC5/cyfitter_cfg.c **** * crossed the pump threshold.
 265:.\Generated_Source\PSoC5/cyfitter_cfg.c **** *
 266:.\Generated_Source\PSoC5/cyfitter_cfg.c **** * Parameters:
 267:.\Generated_Source\PSoC5/cyfitter_cfg.c **** *  enabled - 1 to enable the pumps, 0 to disable the pumps
 268:.\Generated_Source\PSoC5/cyfitter_cfg.c **** *
 269:.\Generated_Source\PSoC5/cyfitter_cfg.c **** * Return:
 270:.\Generated_Source\PSoC5/cyfitter_cfg.c **** *  void
 271:.\Generated_Source\PSoC5/cyfitter_cfg.c **** *
 272:.\Generated_Source\PSoC5/cyfitter_cfg.c **** *******************************************************************************/
 273:.\Generated_Source\PSoC5/cyfitter_cfg.c **** void SetAnalogRoutingPumps(uint8 enabled)
 274:.\Generated_Source\PSoC5/cyfitter_cfg.c **** {
 443              		.loc 1 274 0
 444              		.cfi_startproc
 445              		@ args = 0, pretend = 0, frame = 16
 446              		@ frame_needed = 1, uses_anonymous_args = 0
 447              		@ link register save eliminated.
 448 0000 80B4     		push	{r7}
 449              		.cfi_def_cfa_offset 4
 450              		.cfi_offset 7, -4
 451 0002 85B0     		sub	sp, sp, #20
 452              		.cfi_def_cfa_offset 24
 453 0004 00AF     		add	r7, sp, #0
 454              		.cfi_def_cfa_register 7
 455 0006 0346     		mov	r3, r0
 456 0008 FB71     		strb	r3, [r7, #7]
 275:.\Generated_Source\PSoC5/cyfitter_cfg.c **** 	uint8 regValue = CY_GET_XTND_REG8((void CYFAR *)CYREG_PUMP_CR0);
 457              		.loc 1 275 0
 458 000a 064B     		ldr	r3, .L24
 459 000c 1B78     		ldrb	r3, [r3]
 460 000e FB73     		strb	r3, [r7, #15]
 276:.\Generated_Source\PSoC5/cyfitter_cfg.c **** 	if (enabled != 0u)
ARM GAS  C:\Users\khjtony\AppData\Local\Temp\ccE3XIhv.s 			page 14


 461              		.loc 1 276 0
 462 0010 FB79     		ldrb	r3, [r7, #7]	@ zero_extendqisi2
 463 0012 002B     		cmp	r3, #0
 277:.\Generated_Source\PSoC5/cyfitter_cfg.c **** 	{
 278:.\Generated_Source\PSoC5/cyfitter_cfg.c **** 		regValue |= 0x00u;
 279:.\Generated_Source\PSoC5/cyfitter_cfg.c **** 	}
 280:.\Generated_Source\PSoC5/cyfitter_cfg.c **** 	else
 281:.\Generated_Source\PSoC5/cyfitter_cfg.c **** 	{
 282:.\Generated_Source\PSoC5/cyfitter_cfg.c **** 		regValue &= (uint8)~0x00u;
 283:.\Generated_Source\PSoC5/cyfitter_cfg.c **** 	}
 284:.\Generated_Source\PSoC5/cyfitter_cfg.c **** 	CY_SET_XTND_REG8((void CYFAR *)CYREG_PUMP_CR0, regValue);
 464              		.loc 1 284 0
 465 0014 034B     		ldr	r3, .L24
 466 0016 FA7B     		ldrb	r2, [r7, #15]
 467 0018 1A70     		strb	r2, [r3]
 285:.\Generated_Source\PSoC5/cyfitter_cfg.c **** }
 468              		.loc 1 285 0
 469 001a 1437     		adds	r7, r7, #20
 470 001c BD46     		mov	sp, r7
 471              		@ sp needed
 472 001e 5DF8047B 		ldr	r7, [sp], #4
 473 0022 7047     		bx	lr
 474              	.L25:
 475              		.align	2
 476              	.L24:
 477 0024 76580040 		.word	1073764470
 478              		.cfi_endproc
 479              	.LFE7:
 480              		.size	SetAnalogRoutingPumps, .-SetAnalogRoutingPumps
 481              		.section	.text.cyfitter_cfg,"ax",%progbits
 482              		.align	2
 483              		.global	cyfitter_cfg
 484              		.thumb
 485              		.thumb_func
 486              		.type	cyfitter_cfg, %function
 487              	cyfitter_cfg:
 488              	.LFB8:
 286:.\Generated_Source\PSoC5/cyfitter_cfg.c **** 
 287:.\Generated_Source\PSoC5/cyfitter_cfg.c **** #define CY_AMUX_UNUSED CYREG_BOOST_SR
 288:.\Generated_Source\PSoC5/cyfitter_cfg.c **** 
 289:.\Generated_Source\PSoC5/cyfitter_cfg.c **** 
 290:.\Generated_Source\PSoC5/cyfitter_cfg.c **** /*******************************************************************************
 291:.\Generated_Source\PSoC5/cyfitter_cfg.c **** * Function Name: cyfitter_cfg
 292:.\Generated_Source\PSoC5/cyfitter_cfg.c **** ********************************************************************************
 293:.\Generated_Source\PSoC5/cyfitter_cfg.c **** * Summary:
 294:.\Generated_Source\PSoC5/cyfitter_cfg.c **** *  This function is called by the start-up code for the selected device. It
 295:.\Generated_Source\PSoC5/cyfitter_cfg.c **** *  performs all of the necessary device configuration based on the design
 296:.\Generated_Source\PSoC5/cyfitter_cfg.c **** *  settings.  This includes settings from the Design Wide Resources (DWR) such
 297:.\Generated_Source\PSoC5/cyfitter_cfg.c **** *  as Clocks and Pins as well as any component configuration that is necessary.
 298:.\Generated_Source\PSoC5/cyfitter_cfg.c **** *
 299:.\Generated_Source\PSoC5/cyfitter_cfg.c **** * Parameters:  
 300:.\Generated_Source\PSoC5/cyfitter_cfg.c **** *   void
 301:.\Generated_Source\PSoC5/cyfitter_cfg.c **** *
 302:.\Generated_Source\PSoC5/cyfitter_cfg.c **** * Return:
 303:.\Generated_Source\PSoC5/cyfitter_cfg.c **** *   void
 304:.\Generated_Source\PSoC5/cyfitter_cfg.c **** *
 305:.\Generated_Source\PSoC5/cyfitter_cfg.c **** *******************************************************************************/
ARM GAS  C:\Users\khjtony\AppData\Local\Temp\ccE3XIhv.s 			page 15


 306:.\Generated_Source\PSoC5/cyfitter_cfg.c **** 
 307:.\Generated_Source\PSoC5/cyfitter_cfg.c **** void cyfitter_cfg(void)
 308:.\Generated_Source\PSoC5/cyfitter_cfg.c **** {
 489              		.loc 1 308 0
 490              		.cfi_startproc
 491              		@ args = 0, pretend = 0, frame = 8
 492              		@ frame_needed = 1, uses_anonymous_args = 0
 493 0000 80B5     		push	{r7, lr}
 494              		.cfi_def_cfa_offset 8
 495              		.cfi_offset 7, -8
 496              		.cfi_offset 14, -4
 497 0002 82B0     		sub	sp, sp, #8
 498              		.cfi_def_cfa_offset 16
 499 0004 00AF     		add	r7, sp, #0
 500              		.cfi_def_cfa_register 7
 309:.\Generated_Source\PSoC5/cyfitter_cfg.c **** #ifdef CYGlobalIntDisable
 310:.\Generated_Source\PSoC5/cyfitter_cfg.c **** 	/* Disable interrupts by default. Let user enable if/when they want. */
 311:.\Generated_Source\PSoC5/cyfitter_cfg.c **** 	CYGlobalIntDisable
 501              		.loc 1 311 0
 502              	@ 311 ".\Generated_Source\PSoC5\cyfitter_cfg.c" 1
 503 0006 72B6     		CPSID   i
 504              	@ 0 "" 2
 312:.\Generated_Source\PSoC5/cyfitter_cfg.c **** #endif
 313:.\Generated_Source\PSoC5/cyfitter_cfg.c **** 
 314:.\Generated_Source\PSoC5/cyfitter_cfg.c **** 	/* Enable/Disable Debug functionality based on settings from System DWR */
 315:.\Generated_Source\PSoC5/cyfitter_cfg.c **** 	CY_SET_XTND_REG8((void CYFAR *)CYREG_MLOGIC_DEBUG, (CY_GET_XTND_REG8((void CYFAR *)CYREG_MLOGIC_DE
 505              		.loc 1 315 0
 506              		.thumb
 507 0008 344B     		ldr	r3, .L29
 508 000a 344A     		ldr	r2, .L29
 509 000c 1278     		ldrb	r2, [r2]
 510 000e D2B2     		uxtb	r2, r2
 511 0010 42F00402 		orr	r2, r2, #4
 512 0014 D2B2     		uxtb	r2, r2
 513 0016 1A70     		strb	r2, [r3]
 514              	.LBB3:
 316:.\Generated_Source\PSoC5/cyfitter_cfg.c **** 
 317:.\Generated_Source\PSoC5/cyfitter_cfg.c **** 	{
 318:.\Generated_Source\PSoC5/cyfitter_cfg.c **** 
 319:.\Generated_Source\PSoC5/cyfitter_cfg.c **** 		CYPACKED typedef struct {
 320:.\Generated_Source\PSoC5/cyfitter_cfg.c **** 			void CYFAR *address;
 321:.\Generated_Source\PSoC5/cyfitter_cfg.c **** 			uint16 size;
 322:.\Generated_Source\PSoC5/cyfitter_cfg.c **** 		} CYPACKED_ATTR cfg_memset_t;
 323:.\Generated_Source\PSoC5/cyfitter_cfg.c **** 
 324:.\Generated_Source\PSoC5/cyfitter_cfg.c **** 		static const cfg_memset_t CYCODE cfg_memset_list [] = {
 325:.\Generated_Source\PSoC5/cyfitter_cfg.c **** 			/* address, size */
 326:.\Generated_Source\PSoC5/cyfitter_cfg.c **** 			{(void CYFAR *)(CYREG_PRT1_DR), 96u},
 327:.\Generated_Source\PSoC5/cyfitter_cfg.c **** 			{(void CYFAR *)(CYREG_PRT12_DR), 16u},
 328:.\Generated_Source\PSoC5/cyfitter_cfg.c **** 			{(void CYFAR *)(CYREG_PRT15_DR), 16u},
 329:.\Generated_Source\PSoC5/cyfitter_cfg.c **** 			{(void CYFAR *)(CYDEV_UCFG_B0_P0_U0_BASE), 4096u},
 330:.\Generated_Source\PSoC5/cyfitter_cfg.c **** 			{(void CYFAR *)(CYDEV_UCFG_B1_P2_U0_BASE), 2048u},
 331:.\Generated_Source\PSoC5/cyfitter_cfg.c **** 			{(void CYFAR *)(CYDEV_UCFG_DSI0_BASE), 2560u},
 332:.\Generated_Source\PSoC5/cyfitter_cfg.c **** 			{(void CYFAR *)(CYDEV_UCFG_DSI12_BASE), 512u},
 333:.\Generated_Source\PSoC5/cyfitter_cfg.c **** 			{(void CYFAR *)(CYREG_BCTL0_MDCLK_EN), 32u},
 334:.\Generated_Source\PSoC5/cyfitter_cfg.c **** 		};
 335:.\Generated_Source\PSoC5/cyfitter_cfg.c **** 
 336:.\Generated_Source\PSoC5/cyfitter_cfg.c **** 		uint8 CYDATA i;
ARM GAS  C:\Users\khjtony\AppData\Local\Temp\ccE3XIhv.s 			page 16


 337:.\Generated_Source\PSoC5/cyfitter_cfg.c **** 
 338:.\Generated_Source\PSoC5/cyfitter_cfg.c **** 		/* Zero out critical memory blocks before beginning configuration */
 339:.\Generated_Source\PSoC5/cyfitter_cfg.c **** 		for (i = 0u; i < (sizeof(cfg_memset_list)/sizeof(cfg_memset_list[0])); i++)
 515              		.loc 1 339 0
 516 0018 0023     		movs	r3, #0
 517 001a FB71     		strb	r3, [r7, #7]
 518 001c 13E0     		b	.L27
 519              	.L28:
 520              	.LBB4:
 340:.\Generated_Source\PSoC5/cyfitter_cfg.c **** 		{
 341:.\Generated_Source\PSoC5/cyfitter_cfg.c **** 			const cfg_memset_t CYCODE * CYDATA ms = &cfg_memset_list[i];
 521              		.loc 1 341 0 discriminator 2
 522 001e FA79     		ldrb	r2, [r7, #7]	@ zero_extendqisi2
 523 0020 1346     		mov	r3, r2
 524 0022 5B00     		lsls	r3, r3, #1
 525 0024 1344     		add	r3, r3, r2
 526 0026 5B00     		lsls	r3, r3, #1
 527 0028 2D4A     		ldr	r2, .L29+4
 528 002a 1344     		add	r3, r3, r2
 529 002c 3B60     		str	r3, [r7]
 342:.\Generated_Source\PSoC5/cyfitter_cfg.c **** 			CYMEMZERO(ms->address, (size_t)(uint32)(ms->size));
 530              		.loc 1 342 0 discriminator 2
 531 002e 3B68     		ldr	r3, [r7]
 532 0030 1A68     		ldr	r2, [r3]	@ unaligned
 533 0032 3B68     		ldr	r3, [r7]
 534 0034 9B88     		ldrh	r3, [r3, #4]	@ unaligned
 535 0036 9BB2     		uxth	r3, r3
 536 0038 1046     		mov	r0, r2
 537 003a 1946     		mov	r1, r3
 538 003c FFF7FEFF 		bl	CYMEMZERO
 539              	.LBE4:
 339:.\Generated_Source\PSoC5/cyfitter_cfg.c **** 		for (i = 0u; i < (sizeof(cfg_memset_list)/sizeof(cfg_memset_list[0])); i++)
 540              		.loc 1 339 0 discriminator 2
 541 0040 FB79     		ldrb	r3, [r7, #7]	@ zero_extendqisi2
 542 0042 0133     		adds	r3, r3, #1
 543 0044 FB71     		strb	r3, [r7, #7]
 544              	.L27:
 339:.\Generated_Source\PSoC5/cyfitter_cfg.c **** 		for (i = 0u; i < (sizeof(cfg_memset_list)/sizeof(cfg_memset_list[0])); i++)
 545              		.loc 1 339 0 is_stmt 0 discriminator 1
 546 0046 FB79     		ldrb	r3, [r7, #7]	@ zero_extendqisi2
 547 0048 072B     		cmp	r3, #7
 548 004a E8D9     		bls	.L28
 343:.\Generated_Source\PSoC5/cyfitter_cfg.c **** 		}
 344:.\Generated_Source\PSoC5/cyfitter_cfg.c **** 
 345:.\Generated_Source\PSoC5/cyfitter_cfg.c **** 		cfg_write_bytes32(cy_cfg_addr_table, cy_cfg_data_table);
 549              		.loc 1 345 0 is_stmt 1
 550 004c 4FF09040 		mov	r0, #1207959552
 551 0050 2449     		ldr	r1, .L29+8
 552 0052 FFF7FEFF 		bl	cfg_write_bytes32
 346:.\Generated_Source\PSoC5/cyfitter_cfg.c **** 
 347:.\Generated_Source\PSoC5/cyfitter_cfg.c **** 		/* Enable digital routing */
 348:.\Generated_Source\PSoC5/cyfitter_cfg.c **** 		CY_SET_XTND_REG8((void CYFAR *)CYREG_BCTL0_BANK_CTL, CY_GET_XTND_REG8((void CYFAR *)CYREG_BCTL0_B
 553              		.loc 1 348 0
 554 0056 244B     		ldr	r3, .L29+12
 555 0058 234A     		ldr	r2, .L29+12
 556 005a 1278     		ldrb	r2, [r2]
 557 005c D2B2     		uxtb	r2, r2
ARM GAS  C:\Users\khjtony\AppData\Local\Temp\ccE3XIhv.s 			page 17


 558 005e 42F00202 		orr	r2, r2, #2
 559 0062 D2B2     		uxtb	r2, r2
 560 0064 1A70     		strb	r2, [r3]
 349:.\Generated_Source\PSoC5/cyfitter_cfg.c **** 		CY_SET_XTND_REG8((void CYFAR *)CYREG_BCTL1_BANK_CTL, CY_GET_XTND_REG8((void CYFAR *)CYREG_BCTL1_B
 561              		.loc 1 349 0
 562 0066 214B     		ldr	r3, .L29+16
 563 0068 204A     		ldr	r2, .L29+16
 564 006a 1278     		ldrb	r2, [r2]
 565 006c D2B2     		uxtb	r2, r2
 566 006e 42F00202 		orr	r2, r2, #2
 567 0072 D2B2     		uxtb	r2, r2
 568 0074 1A70     		strb	r2, [r3]
 350:.\Generated_Source\PSoC5/cyfitter_cfg.c **** 
 351:.\Generated_Source\PSoC5/cyfitter_cfg.c **** 		/* Enable UDB array */
 352:.\Generated_Source\PSoC5/cyfitter_cfg.c **** 		CY_SET_XTND_REG8((void CYFAR *)CYREG_PM_ACT_CFG0, CY_GET_XTND_REG8((void CYFAR *)CYREG_PM_ACT_CFG
 569              		.loc 1 352 0
 570 0076 1E4B     		ldr	r3, .L29+20
 571 0078 1D4A     		ldr	r2, .L29+20
 572 007a 1278     		ldrb	r2, [r2]
 573 007c D2B2     		uxtb	r2, r2
 574 007e 42F04002 		orr	r2, r2, #64
 575 0082 D2B2     		uxtb	r2, r2
 576 0084 1A70     		strb	r2, [r3]
 353:.\Generated_Source\PSoC5/cyfitter_cfg.c **** 		CY_SET_XTND_REG8((void CYFAR *)CYREG_PM_AVAIL_CR2, CY_GET_XTND_REG8((void CYFAR *)CYREG_PM_AVAIL_
 577              		.loc 1 353 0
 578 0086 1B4B     		ldr	r3, .L29+24
 579 0088 1A4A     		ldr	r2, .L29+24
 580 008a 1278     		ldrb	r2, [r2]
 581 008c D2B2     		uxtb	r2, r2
 582 008e 42F01002 		orr	r2, r2, #16
 583 0092 D2B2     		uxtb	r2, r2
 584 0094 1A70     		strb	r2, [r3]
 585              	.LBE3:
 354:.\Generated_Source\PSoC5/cyfitter_cfg.c **** 	}
 355:.\Generated_Source\PSoC5/cyfitter_cfg.c **** 
 356:.\Generated_Source\PSoC5/cyfitter_cfg.c **** 	/* Perform second pass device configuration. These items must be configured in specific order afte
 357:.\Generated_Source\PSoC5/cyfitter_cfg.c **** 	CYCONFIGCPY((void CYFAR *)(CYREG_PRT0_DM0), (const void CYFAR *)(BS_IOPINS0_0_VAL), 8u);
 586              		.loc 1 357 0
 587 0096 1848     		ldr	r0, .L29+28
 588 0098 1849     		ldr	r1, .L29+32
 589 009a 0822     		movs	r2, #8
 590 009c FFF7FEFF 		bl	CYCONFIGCPY
 358:.\Generated_Source\PSoC5/cyfitter_cfg.c **** 
 359:.\Generated_Source\PSoC5/cyfitter_cfg.c **** 	/* Switch Boost to the precision bandgap reference from its internal reference */
 360:.\Generated_Source\PSoC5/cyfitter_cfg.c **** 	CY_SET_REG8((void CYXDATA *)CYREG_BOOST_CR2, (CY_GET_REG8((void CYXDATA *)CYREG_BOOST_CR2) | 0x08u
 591              		.loc 1 360 0
 592 00a0 174B     		ldr	r3, .L29+36
 593 00a2 174A     		ldr	r2, .L29+36
 594 00a4 1278     		ldrb	r2, [r2]
 595 00a6 D2B2     		uxtb	r2, r2
 596 00a8 42F00802 		orr	r2, r2, #8
 597 00ac D2B2     		uxtb	r2, r2
 598 00ae 1A70     		strb	r2, [r3]
 361:.\Generated_Source\PSoC5/cyfitter_cfg.c **** 
 362:.\Generated_Source\PSoC5/cyfitter_cfg.c **** 	/* Set Flash Cycles based on max possible frequency in case a glitch occurs during ClockSetup(). *
 363:.\Generated_Source\PSoC5/cyfitter_cfg.c **** 	CY_SET_XTND_REG8((void CYFAR *)(CYREG_CACHE_CC_CTL), (((CYDEV_INSTRUCT_CACHE_ENABLED) != 0) ? 0x01
 599              		.loc 1 363 0
ARM GAS  C:\Users\khjtony\AppData\Local\Temp\ccE3XIhv.s 			page 18


 600 00b0 144B     		ldr	r3, .L29+40
 601 00b2 0122     		movs	r2, #1
 602 00b4 1A70     		strb	r2, [r3]
 364:.\Generated_Source\PSoC5/cyfitter_cfg.c **** 	/* Setup clocks based on selections from Clock DWR */
 365:.\Generated_Source\PSoC5/cyfitter_cfg.c **** 	ClockSetup();
 603              		.loc 1 365 0
 604 00b6 FFF7FEFF 		bl	ClockSetup
 366:.\Generated_Source\PSoC5/cyfitter_cfg.c **** 	/* Set Flash Cycles based on newly configured 24.00MHz Bus Clock. */
 367:.\Generated_Source\PSoC5/cyfitter_cfg.c **** 	CY_SET_XTND_REG8((void CYFAR *)(CYREG_CACHE_CC_CTL), (((CYDEV_INSTRUCT_CACHE_ENABLED) != 0) ? 0x81
 605              		.loc 1 367 0
 606 00ba 124B     		ldr	r3, .L29+40
 607 00bc 8122     		movs	r2, #129
 608 00be 1A70     		strb	r2, [r3]
 368:.\Generated_Source\PSoC5/cyfitter_cfg.c **** 	CY_SET_XTND_REG8((void CYFAR *)(CYREG_PANTHER_WAITPIPE), 0x01u);
 609              		.loc 1 368 0
 610 00c0 114B     		ldr	r3, .L29+44
 611 00c2 0122     		movs	r2, #1
 612 00c4 1A70     		strb	r2, [r3]
 369:.\Generated_Source\PSoC5/cyfitter_cfg.c **** 
 370:.\Generated_Source\PSoC5/cyfitter_cfg.c **** 	/* Perform basic analog initialization to defaults */
 371:.\Generated_Source\PSoC5/cyfitter_cfg.c **** 	AnalogSetDefault();
 613              		.loc 1 371 0
 614 00c6 FFF7FEFF 		bl	AnalogSetDefault
 372:.\Generated_Source\PSoC5/cyfitter_cfg.c **** 
 373:.\Generated_Source\PSoC5/cyfitter_cfg.c **** 	/* Configure alternate active mode */
 374:.\Generated_Source\PSoC5/cyfitter_cfg.c **** 	CYCONFIGCPY((void CYFAR *)CYDEV_PM_STBY_BASE, (const void CYFAR *)CYDEV_PM_ACT_BASE, 14u);
 615              		.loc 1 374 0
 616 00ca 1048     		ldr	r0, .L29+48
 617 00cc 0849     		ldr	r1, .L29+20
 618 00ce 0E22     		movs	r2, #14
 619 00d0 FFF7FEFF 		bl	CYCONFIGCPY
 375:.\Generated_Source\PSoC5/cyfitter_cfg.c **** }
 620              		.loc 1 375 0
 621 00d4 0837     		adds	r7, r7, #8
 622 00d6 BD46     		mov	sp, r7
 623              		@ sp needed
 624 00d8 80BD     		pop	{r7, pc}
 625              	.L30:
 626 00da 00BF     		.align	2
 627              	.L29:
 628 00dc E8460040 		.word	1073759976
 629 00e0 00000000 		.word	cfg_memset_list.4879
 630 00e4 38000048 		.word	1207959608
 631 00e8 03500140 		.word	1073827843
 632 00ec 13500140 		.word	1073827859
 633 00f0 A0430040 		.word	1073759136
 634 00f4 C2430040 		.word	1073759170
 635 00f8 02510040 		.word	1073762562
 636 00fc 70000048 		.word	1207959664
 637 0100 22430040 		.word	1073759010
 638 0104 00480040 		.word	1073760256
 639 0108 04000840 		.word	1074266116
 640 010c B0430040 		.word	1073759152
 641              		.cfi_endproc
 642              	.LFE8:
 643              		.size	cyfitter_cfg, .-cyfitter_cfg
 644              		.section	.rodata
ARM GAS  C:\Users\khjtony\AppData\Local\Temp\ccE3XIhv.s 			page 19


 645              		.align	2
 646              		.type	cfg_memset_list.4879, %object
 647              		.size	cfg_memset_list.4879, 48
 648              	cfg_memset_list.4879:
 649 0000 10510040 		.word	1073762576
 650 0004 6000     		.short	96
 651 0006 C0510040 		.4byte	1073762752
 652 000a 1000     		.short	16
 653 000c F0510040 		.word	1073762800
 654 0010 1000     		.short	16
 655 0012 00000140 		.4byte	1073807360
 656 0016 0010     		.short	4096
 657 0018 00140140 		.word	1073812480
 658 001c 0008     		.short	2048
 659 001e 00400140 		.4byte	1073823744
 660 0022 000A     		.short	2560
 661 0024 004C0140 		.word	1073826816
 662 0028 0002     		.short	512
 663 002a 00500140 		.4byte	1073827840
 664 002e 2000     		.short	32
 665              		.text
 666              	.Letext0:
 667              		.file 2 "d:\\software\\psoc\\psoc creator\\3.1\\psoc creator\\import\\gnu_cs\\arm\\4.8.4\\lib\\gcc
 668              		.file 3 ".\\Generated_Source\\PSoC5/cytypes.h"
 669              		.section	.debug_info,"",%progbits
 670              	.Ldebug_info0:
 671 0000 8A030000 		.4byte	0x38a
 672 0004 0400     		.2byte	0x4
 673 0006 00000000 		.4byte	.Ldebug_abbrev0
 674 000a 04       		.byte	0x4
 675 000b 01       		.uleb128 0x1
 676 000c 5F010000 		.4byte	.LASF44
 677 0010 01       		.byte	0x1
 678 0011 6B020000 		.4byte	.LASF45
 679 0015 08020000 		.4byte	.LASF46
 680 0019 00000000 		.4byte	.Ldebug_ranges0+0
 681 001d 00000000 		.4byte	0
 682 0021 00000000 		.4byte	.Ldebug_line0
 683 0025 02       		.uleb128 0x2
 684 0026 04       		.byte	0x4
 685 0027 05       		.byte	0x5
 686 0028 696E7400 		.ascii	"int\000"
 687 002c 03       		.uleb128 0x3
 688 002d 06000000 		.4byte	.LASF11
 689 0031 02       		.byte	0x2
 690 0032 D4       		.byte	0xd4
 691 0033 37000000 		.4byte	0x37
 692 0037 04       		.uleb128 0x4
 693 0038 04       		.byte	0x4
 694 0039 07       		.byte	0x7
 695 003a 33010000 		.4byte	.LASF0
 696 003e 04       		.uleb128 0x4
 697 003f 01       		.byte	0x1
 698 0040 06       		.byte	0x6
 699 0041 BB020000 		.4byte	.LASF1
 700 0045 04       		.uleb128 0x4
 701 0046 01       		.byte	0x1
ARM GAS  C:\Users\khjtony\AppData\Local\Temp\ccE3XIhv.s 			page 20


 702 0047 08       		.byte	0x8
 703 0048 D1000000 		.4byte	.LASF2
 704 004c 04       		.uleb128 0x4
 705 004d 02       		.byte	0x2
 706 004e 05       		.byte	0x5
 707 004f 61020000 		.4byte	.LASF3
 708 0053 04       		.uleb128 0x4
 709 0054 02       		.byte	0x2
 710 0055 07       		.byte	0x7
 711 0056 35000000 		.4byte	.LASF4
 712 005a 04       		.uleb128 0x4
 713 005b 04       		.byte	0x4
 714 005c 05       		.byte	0x5
 715 005d 9B020000 		.4byte	.LASF5
 716 0061 04       		.uleb128 0x4
 717 0062 04       		.byte	0x4
 718 0063 07       		.byte	0x7
 719 0064 99000000 		.4byte	.LASF6
 720 0068 04       		.uleb128 0x4
 721 0069 08       		.byte	0x8
 722 006a 05       		.byte	0x5
 723 006b FA010000 		.4byte	.LASF7
 724 006f 04       		.uleb128 0x4
 725 0070 08       		.byte	0x8
 726 0071 07       		.byte	0x7
 727 0072 48010000 		.4byte	.LASF8
 728 0076 04       		.uleb128 0x4
 729 0077 04       		.byte	0x4
 730 0078 07       		.byte	0x7
 731 0079 F1010000 		.4byte	.LASF9
 732 007d 05       		.uleb128 0x5
 733 007e 04       		.byte	0x4
 734 007f 04       		.uleb128 0x4
 735 0080 01       		.byte	0x1
 736 0081 08       		.byte	0x8
 737 0082 A4020000 		.4byte	.LASF10
 738 0086 03       		.uleb128 0x3
 739 0087 AB000000 		.4byte	.LASF12
 740 008b 03       		.byte	0x3
 741 008c A1       		.byte	0xa1
 742 008d 45000000 		.4byte	0x45
 743 0091 03       		.uleb128 0x3
 744 0092 10010000 		.4byte	.LASF13
 745 0096 03       		.byte	0x3
 746 0097 A2       		.byte	0xa2
 747 0098 53000000 		.4byte	0x53
 748 009c 03       		.uleb128 0x3
 749 009d 2C010000 		.4byte	.LASF14
 750 00a1 03       		.byte	0x3
 751 00a2 A3       		.byte	0xa3
 752 00a3 61000000 		.4byte	0x61
 753 00a7 04       		.uleb128 0x4
 754 00a8 04       		.byte	0x4
 755 00a9 04       		.byte	0x4
 756 00aa 60000000 		.4byte	.LASF15
 757 00ae 04       		.uleb128 0x4
 758 00af 08       		.byte	0x8
ARM GAS  C:\Users\khjtony\AppData\Local\Temp\ccE3XIhv.s 			page 21


 759 00b0 04       		.byte	0x4
 760 00b1 DF000000 		.4byte	.LASF16
 761 00b5 06       		.uleb128 0x6
 762 00b6 94000000 		.4byte	.LASF17
 763 00ba 03       		.byte	0x3
 764 00bb 4B01     		.2byte	0x14b
 765 00bd C1000000 		.4byte	0xc1
 766 00c1 07       		.uleb128 0x7
 767 00c2 86000000 		.4byte	0x86
 768 00c6 06       		.uleb128 0x6
 769 00c7 00000000 		.4byte	.LASF18
 770 00cb 03       		.byte	0x3
 771 00cc 4C01     		.2byte	0x14c
 772 00ce D2000000 		.4byte	0xd2
 773 00d2 07       		.uleb128 0x7
 774 00d3 91000000 		.4byte	0x91
 775 00d7 08       		.uleb128 0x8
 776 00d8 02       		.byte	0x2
 777 00d9 01       		.byte	0x1
 778 00da 7D       		.byte	0x7d
 779 00db F8000000 		.4byte	0xf8
 780 00df 09       		.uleb128 0x9
 781 00e0 5A020000 		.4byte	.LASF19
 782 00e4 01       		.byte	0x1
 783 00e5 7F       		.byte	0x7f
 784 00e6 86000000 		.4byte	0x86
 785 00ea 00       		.byte	0
 786 00eb 09       		.uleb128 0x9
 787 00ec 1E000000 		.4byte	.LASF20
 788 00f0 01       		.byte	0x1
 789 00f1 80       		.byte	0x80
 790 00f2 86000000 		.4byte	0x86
 791 00f6 01       		.byte	0x1
 792 00f7 00       		.byte	0
 793 00f8 03       		.uleb128 0x3
 794 00f9 47020000 		.4byte	.LASF21
 795 00fd 01       		.byte	0x1
 796 00fe 81       		.byte	0x81
 797 00ff D7000000 		.4byte	0xd7
 798 0103 0A       		.uleb128 0xa
 799 0104 B1000000 		.4byte	.LASF22
 800 0108 01       		.byte	0x1
 801 0109 3B       		.byte	0x3b
 802 010a 00000000 		.4byte	.LFB0
 803 010e 1A000000 		.4byte	.LFE0-.LFB0
 804 0112 01       		.uleb128 0x1
 805 0113 9C       		.byte	0x9c
 806 0114 31010000 		.4byte	0x131
 807 0118 0B       		.uleb128 0xb
 808 0119 7300     		.ascii	"s\000"
 809 011b 01       		.byte	0x1
 810 011c 3B       		.byte	0x3b
 811 011d 7D000000 		.4byte	0x7d
 812 0121 02       		.uleb128 0x2
 813 0122 91       		.byte	0x91
 814 0123 74       		.sleb128 -12
 815 0124 0B       		.uleb128 0xb
ARM GAS  C:\Users\khjtony\AppData\Local\Temp\ccE3XIhv.s 			page 22


 816 0125 6E00     		.ascii	"n\000"
 817 0127 01       		.byte	0x1
 818 0128 3B       		.byte	0x3b
 819 0129 2C000000 		.4byte	0x2c
 820 012d 02       		.uleb128 0x2
 821 012e 91       		.byte	0x91
 822 012f 70       		.sleb128 -16
 823 0130 00       		.byte	0
 824 0131 0A       		.uleb128 0xa
 825 0132 D0020000 		.4byte	.LASF23
 826 0136 01       		.byte	0x1
 827 0137 42       		.byte	0x42
 828 0138 00000000 		.4byte	.LFB1
 829 013c 1C000000 		.4byte	.LFE1-.LFB1
 830 0140 01       		.uleb128 0x1
 831 0141 9C       		.byte	0x9c
 832 0142 6F010000 		.4byte	0x16f
 833 0146 0C       		.uleb128 0xc
 834 0147 7A000000 		.4byte	.LASF24
 835 014b 01       		.byte	0x1
 836 014c 42       		.byte	0x42
 837 014d 7D000000 		.4byte	0x7d
 838 0151 02       		.uleb128 0x2
 839 0152 91       		.byte	0x91
 840 0153 74       		.sleb128 -12
 841 0154 0B       		.uleb128 0xb
 842 0155 73726300 		.ascii	"src\000"
 843 0159 01       		.byte	0x1
 844 015a 42       		.byte	0x42
 845 015b 6F010000 		.4byte	0x16f
 846 015f 02       		.uleb128 0x2
 847 0160 91       		.byte	0x91
 848 0161 70       		.sleb128 -16
 849 0162 0B       		.uleb128 0xb
 850 0163 6E00     		.ascii	"n\000"
 851 0165 01       		.byte	0x1
 852 0166 42       		.byte	0x42
 853 0167 2C000000 		.4byte	0x2c
 854 016b 02       		.uleb128 0x2
 855 016c 91       		.byte	0x91
 856 016d 6C       		.sleb128 -20
 857 016e 00       		.byte	0
 858 016f 0D       		.uleb128 0xd
 859 0170 04       		.byte	0x4
 860 0171 75010000 		.4byte	0x175
 861 0175 0E       		.uleb128 0xe
 862 0176 0A       		.uleb128 0xa
 863 0177 48000000 		.4byte	.LASF25
 864 017b 01       		.byte	0x1
 865 017c 49       		.byte	0x49
 866 017d 00000000 		.4byte	.LFB2
 867 0181 1C000000 		.4byte	.LFE2-.LFB2
 868 0185 01       		.uleb128 0x1
 869 0186 9C       		.byte	0x9c
 870 0187 B4010000 		.4byte	0x1b4
 871 018b 0C       		.uleb128 0xc
 872 018c 7A000000 		.4byte	.LASF24
ARM GAS  C:\Users\khjtony\AppData\Local\Temp\ccE3XIhv.s 			page 23


 873 0190 01       		.byte	0x1
 874 0191 49       		.byte	0x49
 875 0192 7D000000 		.4byte	0x7d
 876 0196 02       		.uleb128 0x2
 877 0197 91       		.byte	0x91
 878 0198 74       		.sleb128 -12
 879 0199 0B       		.uleb128 0xb
 880 019a 73726300 		.ascii	"src\000"
 881 019e 01       		.byte	0x1
 882 019f 49       		.byte	0x49
 883 01a0 6F010000 		.4byte	0x16f
 884 01a4 02       		.uleb128 0x2
 885 01a5 91       		.byte	0x91
 886 01a6 70       		.sleb128 -16
 887 01a7 0B       		.uleb128 0xb
 888 01a8 6E00     		.ascii	"n\000"
 889 01aa 01       		.byte	0x1
 890 01ab 49       		.byte	0x49
 891 01ac 2C000000 		.4byte	0x2c
 892 01b0 02       		.uleb128 0x2
 893 01b1 91       		.byte	0x91
 894 01b2 6C       		.sleb128 -20
 895 01b3 00       		.byte	0
 896 01b4 0F       		.uleb128 0xf
 897 01b5 66000000 		.4byte	.LASF26
 898 01b9 01       		.byte	0x1
 899 01ba 69       		.byte	0x69
 900 01bb 00000000 		.4byte	.LFB3
 901 01bf 0C000000 		.4byte	.LFE3-.LFB3
 902 01c3 01       		.uleb128 0x1
 903 01c4 9C       		.byte	0x9c
 904 01c5 D8010000 		.4byte	0x1d8
 905 01c9 0C       		.uleb128 0xc
 906 01ca 22010000 		.4byte	.LASF27
 907 01ce 01       		.byte	0x1
 908 01cf 69       		.byte	0x69
 909 01d0 86000000 		.4byte	0x86
 910 01d4 02       		.uleb128 0x2
 911 01d5 91       		.byte	0x91
 912 01d6 77       		.sleb128 -9
 913 01d7 00       		.byte	0
 914 01d8 0F       		.uleb128 0xf
 915 01d9 E6000000 		.4byte	.LASF28
 916 01dd 01       		.byte	0x1
 917 01de 99       		.byte	0x99
 918 01df 00000000 		.4byte	.LFB4
 919 01e3 72000000 		.4byte	.LFE4-.LFB4
 920 01e7 01       		.uleb128 0x1
 921 01e8 9C       		.byte	0x9c
 922 01e9 48020000 		.4byte	0x248
 923 01ed 0C       		.uleb128 0xc
 924 01ee 05010000 		.4byte	.LASF29
 925 01f2 01       		.byte	0x1
 926 01f3 99       		.byte	0x99
 927 01f4 48020000 		.4byte	0x248
 928 01f8 02       		.uleb128 0x2
 929 01f9 91       		.byte	0x91
ARM GAS  C:\Users\khjtony\AppData\Local\Temp\ccE3XIhv.s 			page 24


 930 01fa 64       		.sleb128 -28
 931 01fb 0C       		.uleb128 0xc
 932 01fc 17010000 		.4byte	.LASF30
 933 0200 01       		.byte	0x1
 934 0201 99       		.byte	0x99
 935 0202 53020000 		.4byte	0x253
 936 0206 02       		.uleb128 0x2
 937 0207 91       		.byte	0x91
 938 0208 60       		.sleb128 -32
 939 0209 10       		.uleb128 0x10
 940 020a 6900     		.ascii	"i\000"
 941 020c 01       		.byte	0x1
 942 020d 9C       		.byte	0x9c
 943 020e 9C000000 		.4byte	0x9c
 944 0212 02       		.uleb128 0x2
 945 0213 91       		.byte	0x91
 946 0214 74       		.sleb128 -12
 947 0215 10       		.uleb128 0x10
 948 0216 6A00     		.ascii	"j\000"
 949 0218 01       		.byte	0x1
 950 0219 9C       		.byte	0x9c
 951 021a 9C000000 		.4byte	0x9c
 952 021e 02       		.uleb128 0x2
 953 021f 91       		.byte	0x91
 954 0220 70       		.sleb128 -16
 955 0221 11       		.uleb128 0x11
 956 0222 14000000 		.4byte	.LBB2
 957 0226 48000000 		.4byte	.LBE2-.LBB2
 958 022a 12       		.uleb128 0x12
 959 022b E8010000 		.4byte	.LASF31
 960 022f 01       		.byte	0x1
 961 0230 9F       		.byte	0x9f
 962 0231 9C000000 		.4byte	0x9c
 963 0235 02       		.uleb128 0x2
 964 0236 91       		.byte	0x91
 965 0237 68       		.sleb128 -24
 966 0238 12       		.uleb128 0x12
 967 0239 24000000 		.4byte	.LASF32
 968 023d 01       		.byte	0x1
 969 023e A0       		.byte	0xa0
 970 023f 86000000 		.4byte	0x86
 971 0243 02       		.uleb128 0x2
 972 0244 91       		.byte	0x91
 973 0245 6F       		.sleb128 -17
 974 0246 00       		.byte	0
 975 0247 00       		.byte	0
 976 0248 0D       		.uleb128 0xd
 977 0249 04       		.byte	0x4
 978 024a 4E020000 		.4byte	0x24e
 979 024e 13       		.uleb128 0x13
 980 024f 9C000000 		.4byte	0x9c
 981 0253 0D       		.uleb128 0xd
 982 0254 04       		.byte	0x4
 983 0255 59020000 		.4byte	0x259
 984 0259 13       		.uleb128 0x13
 985 025a F8000000 		.4byte	0xf8
 986 025e 0A       		.uleb128 0xa
ARM GAS  C:\Users\khjtony\AppData\Local\Temp\ccE3XIhv.s 			page 25


 987 025f 2A000000 		.4byte	.LASF33
 988 0263 01       		.byte	0x1
 989 0264 BC       		.byte	0xbc
 990 0265 00000000 		.4byte	.LFB5
 991 0269 D8000000 		.4byte	.LFE5-.LFB5
 992 026d 01       		.uleb128 0x1
 993 026e 9C       		.byte	0x9c
 994 026f 90020000 		.4byte	0x290
 995 0273 12       		.uleb128 0x12
 996 0274 3F020000 		.4byte	.LASF34
 997 0278 01       		.byte	0x1
 998 0279 BE       		.byte	0xbe
 999 027a 9C000000 		.4byte	0x9c
 1000 027e 02       		.uleb128 0x2
 1001 027f 91       		.byte	0x91
 1002 0280 74       		.sleb128 -12
 1003 0281 12       		.uleb128 0x12
 1004 0282 58000000 		.4byte	.LASF35
 1005 0286 01       		.byte	0x1
 1006 0287 BF       		.byte	0xbf
 1007 0288 86000000 		.4byte	0x86
 1008 028c 02       		.uleb128 0x2
 1009 028d 91       		.byte	0x91
 1010 028e 73       		.sleb128 -13
 1011 028f 00       		.byte	0
 1012 0290 0F       		.uleb128 0xf
 1013 0291 0D000000 		.4byte	.LASF36
 1014 0295 01       		.byte	0x1
 1015 0296 F7       		.byte	0xf7
 1016 0297 00000000 		.4byte	.LFB6
 1017 029b 44000000 		.4byte	.LFE6-.LFB6
 1018 029f 01       		.uleb128 0x1
 1019 02a0 9C       		.byte	0x9c
 1020 02a1 B4020000 		.4byte	0x2b4
 1021 02a5 12       		.uleb128 0x12
 1022 02a6 A9020000 		.4byte	.LASF37
 1023 02aa 01       		.byte	0x1
 1024 02ab F9       		.byte	0xf9
 1025 02ac 86000000 		.4byte	0x86
 1026 02b0 02       		.uleb128 0x2
 1027 02b1 91       		.byte	0x91
 1028 02b2 77       		.sleb128 -9
 1029 02b3 00       		.byte	0
 1030 02b4 14       		.uleb128 0x14
 1031 02b5 BB000000 		.4byte	.LASF47
 1032 02b9 01       		.byte	0x1
 1033 02ba 1101     		.2byte	0x111
 1034 02bc 00000000 		.4byte	.LFB7
 1035 02c0 28000000 		.4byte	.LFE7-.LFB7
 1036 02c4 01       		.uleb128 0x1
 1037 02c5 9C       		.byte	0x9c
 1038 02c6 E9020000 		.4byte	0x2e9
 1039 02ca 15       		.uleb128 0x15
 1040 02cb 93020000 		.4byte	.LASF38
 1041 02cf 01       		.byte	0x1
 1042 02d0 1101     		.2byte	0x111
 1043 02d2 86000000 		.4byte	0x86
ARM GAS  C:\Users\khjtony\AppData\Local\Temp\ccE3XIhv.s 			page 26


 1044 02d6 02       		.uleb128 0x2
 1045 02d7 91       		.byte	0x91
 1046 02d8 6F       		.sleb128 -17
 1047 02d9 16       		.uleb128 0x16
 1048 02da C7020000 		.4byte	.LASF39
 1049 02de 01       		.byte	0x1
 1050 02df 1301     		.2byte	0x113
 1051 02e1 86000000 		.4byte	0x86
 1052 02e5 02       		.uleb128 0x2
 1053 02e6 91       		.byte	0x91
 1054 02e7 77       		.sleb128 -9
 1055 02e8 00       		.byte	0
 1056 02e9 17       		.uleb128 0x17
 1057 02ea F8000000 		.4byte	.LASF48
 1058 02ee 01       		.byte	0x1
 1059 02ef 3301     		.2byte	0x133
 1060 02f1 00000000 		.4byte	.LFB8
 1061 02f5 10010000 		.4byte	.LFE8-.LFB8
 1062 02f9 01       		.uleb128 0x1
 1063 02fa 9C       		.byte	0x9c
 1064 02fb 11       		.uleb128 0x11
 1065 02fc 18000000 		.4byte	.LBB3
 1066 0300 7E000000 		.4byte	.LBE3-.LBB3
 1067 0304 18       		.uleb128 0x18
 1068 0305 06       		.byte	0x6
 1069 0306 01       		.byte	0x1
 1070 0307 3F01     		.2byte	0x13f
 1071 0309 28030000 		.4byte	0x328
 1072 030d 19       		.uleb128 0x19
 1073 030e 40010000 		.4byte	.LASF40
 1074 0312 01       		.byte	0x1
 1075 0313 4001     		.2byte	0x140
 1076 0315 7D000000 		.4byte	0x7d
 1077 0319 00       		.byte	0
 1078 031a 19       		.uleb128 0x19
 1079 031b 8F000000 		.4byte	.LASF41
 1080 031f 01       		.byte	0x1
 1081 0320 4101     		.2byte	0x141
 1082 0322 91000000 		.4byte	0x91
 1083 0326 04       		.byte	0x4
 1084 0327 00       		.byte	0
 1085 0328 06       		.uleb128 0x6
 1086 0329 DB010000 		.4byte	.LASF42
 1087 032d 01       		.byte	0x1
 1088 032e 4201     		.2byte	0x142
 1089 0330 04030000 		.4byte	0x304
 1090 0334 1A       		.uleb128 0x1a
 1091 0335 28030000 		.4byte	0x328
 1092 0339 44030000 		.4byte	0x344
 1093 033d 1B       		.uleb128 0x1b
 1094 033e 76000000 		.4byte	0x76
 1095 0342 07       		.byte	0x7
 1096 0343 00       		.byte	0
 1097 0344 16       		.uleb128 0x16
 1098 0345 7F000000 		.4byte	.LASF43
 1099 0349 01       		.byte	0x1
 1100 034a 4401     		.2byte	0x144
ARM GAS  C:\Users\khjtony\AppData\Local\Temp\ccE3XIhv.s 			page 27


 1101 034c 56030000 		.4byte	0x356
 1102 0350 05       		.uleb128 0x5
 1103 0351 03       		.byte	0x3
 1104 0352 00000000 		.4byte	cfg_memset_list.4879
 1105 0356 13       		.uleb128 0x13
 1106 0357 34030000 		.4byte	0x334
 1107 035b 1C       		.uleb128 0x1c
 1108 035c 6900     		.ascii	"i\000"
 1109 035e 01       		.byte	0x1
 1110 035f 5001     		.2byte	0x150
 1111 0361 86000000 		.4byte	0x86
 1112 0365 02       		.uleb128 0x2
 1113 0366 91       		.byte	0x91
 1114 0367 77       		.sleb128 -9
 1115 0368 11       		.uleb128 0x11
 1116 0369 1E000000 		.4byte	.LBB4
 1117 036d 22000000 		.4byte	.LBE4-.LBB4
 1118 0371 1C       		.uleb128 0x1c
 1119 0372 6D7300   		.ascii	"ms\000"
 1120 0375 01       		.byte	0x1
 1121 0376 5501     		.2byte	0x155
 1122 0378 7F030000 		.4byte	0x37f
 1123 037c 02       		.uleb128 0x2
 1124 037d 91       		.byte	0x91
 1125 037e 70       		.sleb128 -16
 1126 037f 0D       		.uleb128 0xd
 1127 0380 04       		.byte	0x4
 1128 0381 85030000 		.4byte	0x385
 1129 0385 13       		.uleb128 0x13
 1130 0386 28030000 		.4byte	0x328
 1131 038a 00       		.byte	0
 1132 038b 00       		.byte	0
 1133 038c 00       		.byte	0
 1134 038d 00       		.byte	0
 1135              		.section	.debug_abbrev,"",%progbits
 1136              	.Ldebug_abbrev0:
 1137 0000 01       		.uleb128 0x1
 1138 0001 11       		.uleb128 0x11
 1139 0002 01       		.byte	0x1
 1140 0003 25       		.uleb128 0x25
 1141 0004 0E       		.uleb128 0xe
 1142 0005 13       		.uleb128 0x13
 1143 0006 0B       		.uleb128 0xb
 1144 0007 03       		.uleb128 0x3
 1145 0008 0E       		.uleb128 0xe
 1146 0009 1B       		.uleb128 0x1b
 1147 000a 0E       		.uleb128 0xe
 1148 000b 55       		.uleb128 0x55
 1149 000c 17       		.uleb128 0x17
 1150 000d 11       		.uleb128 0x11
 1151 000e 01       		.uleb128 0x1
 1152 000f 10       		.uleb128 0x10
 1153 0010 17       		.uleb128 0x17
 1154 0011 00       		.byte	0
 1155 0012 00       		.byte	0
 1156 0013 02       		.uleb128 0x2
 1157 0014 24       		.uleb128 0x24
ARM GAS  C:\Users\khjtony\AppData\Local\Temp\ccE3XIhv.s 			page 28


 1158 0015 00       		.byte	0
 1159 0016 0B       		.uleb128 0xb
 1160 0017 0B       		.uleb128 0xb
 1161 0018 3E       		.uleb128 0x3e
 1162 0019 0B       		.uleb128 0xb
 1163 001a 03       		.uleb128 0x3
 1164 001b 08       		.uleb128 0x8
 1165 001c 00       		.byte	0
 1166 001d 00       		.byte	0
 1167 001e 03       		.uleb128 0x3
 1168 001f 16       		.uleb128 0x16
 1169 0020 00       		.byte	0
 1170 0021 03       		.uleb128 0x3
 1171 0022 0E       		.uleb128 0xe
 1172 0023 3A       		.uleb128 0x3a
 1173 0024 0B       		.uleb128 0xb
 1174 0025 3B       		.uleb128 0x3b
 1175 0026 0B       		.uleb128 0xb
 1176 0027 49       		.uleb128 0x49
 1177 0028 13       		.uleb128 0x13
 1178 0029 00       		.byte	0
 1179 002a 00       		.byte	0
 1180 002b 04       		.uleb128 0x4
 1181 002c 24       		.uleb128 0x24
 1182 002d 00       		.byte	0
 1183 002e 0B       		.uleb128 0xb
 1184 002f 0B       		.uleb128 0xb
 1185 0030 3E       		.uleb128 0x3e
 1186 0031 0B       		.uleb128 0xb
 1187 0032 03       		.uleb128 0x3
 1188 0033 0E       		.uleb128 0xe
 1189 0034 00       		.byte	0
 1190 0035 00       		.byte	0
 1191 0036 05       		.uleb128 0x5
 1192 0037 0F       		.uleb128 0xf
 1193 0038 00       		.byte	0
 1194 0039 0B       		.uleb128 0xb
 1195 003a 0B       		.uleb128 0xb
 1196 003b 00       		.byte	0
 1197 003c 00       		.byte	0
 1198 003d 06       		.uleb128 0x6
 1199 003e 16       		.uleb128 0x16
 1200 003f 00       		.byte	0
 1201 0040 03       		.uleb128 0x3
 1202 0041 0E       		.uleb128 0xe
 1203 0042 3A       		.uleb128 0x3a
 1204 0043 0B       		.uleb128 0xb
 1205 0044 3B       		.uleb128 0x3b
 1206 0045 05       		.uleb128 0x5
 1207 0046 49       		.uleb128 0x49
 1208 0047 13       		.uleb128 0x13
 1209 0048 00       		.byte	0
 1210 0049 00       		.byte	0
 1211 004a 07       		.uleb128 0x7
 1212 004b 35       		.uleb128 0x35
 1213 004c 00       		.byte	0
 1214 004d 49       		.uleb128 0x49
ARM GAS  C:\Users\khjtony\AppData\Local\Temp\ccE3XIhv.s 			page 29


 1215 004e 13       		.uleb128 0x13
 1216 004f 00       		.byte	0
 1217 0050 00       		.byte	0
 1218 0051 08       		.uleb128 0x8
 1219 0052 13       		.uleb128 0x13
 1220 0053 01       		.byte	0x1
 1221 0054 0B       		.uleb128 0xb
 1222 0055 0B       		.uleb128 0xb
 1223 0056 3A       		.uleb128 0x3a
 1224 0057 0B       		.uleb128 0xb
 1225 0058 3B       		.uleb128 0x3b
 1226 0059 0B       		.uleb128 0xb
 1227 005a 01       		.uleb128 0x1
 1228 005b 13       		.uleb128 0x13
 1229 005c 00       		.byte	0
 1230 005d 00       		.byte	0
 1231 005e 09       		.uleb128 0x9
 1232 005f 0D       		.uleb128 0xd
 1233 0060 00       		.byte	0
 1234 0061 03       		.uleb128 0x3
 1235 0062 0E       		.uleb128 0xe
 1236 0063 3A       		.uleb128 0x3a
 1237 0064 0B       		.uleb128 0xb
 1238 0065 3B       		.uleb128 0x3b
 1239 0066 0B       		.uleb128 0xb
 1240 0067 49       		.uleb128 0x49
 1241 0068 13       		.uleb128 0x13
 1242 0069 38       		.uleb128 0x38
 1243 006a 0B       		.uleb128 0xb
 1244 006b 00       		.byte	0
 1245 006c 00       		.byte	0
 1246 006d 0A       		.uleb128 0xa
 1247 006e 2E       		.uleb128 0x2e
 1248 006f 01       		.byte	0x1
 1249 0070 03       		.uleb128 0x3
 1250 0071 0E       		.uleb128 0xe
 1251 0072 3A       		.uleb128 0x3a
 1252 0073 0B       		.uleb128 0xb
 1253 0074 3B       		.uleb128 0x3b
 1254 0075 0B       		.uleb128 0xb
 1255 0076 27       		.uleb128 0x27
 1256 0077 19       		.uleb128 0x19
 1257 0078 11       		.uleb128 0x11
 1258 0079 01       		.uleb128 0x1
 1259 007a 12       		.uleb128 0x12
 1260 007b 06       		.uleb128 0x6
 1261 007c 40       		.uleb128 0x40
 1262 007d 18       		.uleb128 0x18
 1263 007e 9642     		.uleb128 0x2116
 1264 0080 19       		.uleb128 0x19
 1265 0081 01       		.uleb128 0x1
 1266 0082 13       		.uleb128 0x13
 1267 0083 00       		.byte	0
 1268 0084 00       		.byte	0
 1269 0085 0B       		.uleb128 0xb
 1270 0086 05       		.uleb128 0x5
 1271 0087 00       		.byte	0
ARM GAS  C:\Users\khjtony\AppData\Local\Temp\ccE3XIhv.s 			page 30


 1272 0088 03       		.uleb128 0x3
 1273 0089 08       		.uleb128 0x8
 1274 008a 3A       		.uleb128 0x3a
 1275 008b 0B       		.uleb128 0xb
 1276 008c 3B       		.uleb128 0x3b
 1277 008d 0B       		.uleb128 0xb
 1278 008e 49       		.uleb128 0x49
 1279 008f 13       		.uleb128 0x13
 1280 0090 02       		.uleb128 0x2
 1281 0091 18       		.uleb128 0x18
 1282 0092 00       		.byte	0
 1283 0093 00       		.byte	0
 1284 0094 0C       		.uleb128 0xc
 1285 0095 05       		.uleb128 0x5
 1286 0096 00       		.byte	0
 1287 0097 03       		.uleb128 0x3
 1288 0098 0E       		.uleb128 0xe
 1289 0099 3A       		.uleb128 0x3a
 1290 009a 0B       		.uleb128 0xb
 1291 009b 3B       		.uleb128 0x3b
 1292 009c 0B       		.uleb128 0xb
 1293 009d 49       		.uleb128 0x49
 1294 009e 13       		.uleb128 0x13
 1295 009f 02       		.uleb128 0x2
 1296 00a0 18       		.uleb128 0x18
 1297 00a1 00       		.byte	0
 1298 00a2 00       		.byte	0
 1299 00a3 0D       		.uleb128 0xd
 1300 00a4 0F       		.uleb128 0xf
 1301 00a5 00       		.byte	0
 1302 00a6 0B       		.uleb128 0xb
 1303 00a7 0B       		.uleb128 0xb
 1304 00a8 49       		.uleb128 0x49
 1305 00a9 13       		.uleb128 0x13
 1306 00aa 00       		.byte	0
 1307 00ab 00       		.byte	0
 1308 00ac 0E       		.uleb128 0xe
 1309 00ad 26       		.uleb128 0x26
 1310 00ae 00       		.byte	0
 1311 00af 00       		.byte	0
 1312 00b0 00       		.byte	0
 1313 00b1 0F       		.uleb128 0xf
 1314 00b2 2E       		.uleb128 0x2e
 1315 00b3 01       		.byte	0x1
 1316 00b4 03       		.uleb128 0x3
 1317 00b5 0E       		.uleb128 0xe
 1318 00b6 3A       		.uleb128 0x3a
 1319 00b7 0B       		.uleb128 0xb
 1320 00b8 3B       		.uleb128 0x3b
 1321 00b9 0B       		.uleb128 0xb
 1322 00ba 27       		.uleb128 0x27
 1323 00bb 19       		.uleb128 0x19
 1324 00bc 11       		.uleb128 0x11
 1325 00bd 01       		.uleb128 0x1
 1326 00be 12       		.uleb128 0x12
 1327 00bf 06       		.uleb128 0x6
 1328 00c0 40       		.uleb128 0x40
ARM GAS  C:\Users\khjtony\AppData\Local\Temp\ccE3XIhv.s 			page 31


 1329 00c1 18       		.uleb128 0x18
 1330 00c2 9742     		.uleb128 0x2117
 1331 00c4 19       		.uleb128 0x19
 1332 00c5 01       		.uleb128 0x1
 1333 00c6 13       		.uleb128 0x13
 1334 00c7 00       		.byte	0
 1335 00c8 00       		.byte	0
 1336 00c9 10       		.uleb128 0x10
 1337 00ca 34       		.uleb128 0x34
 1338 00cb 00       		.byte	0
 1339 00cc 03       		.uleb128 0x3
 1340 00cd 08       		.uleb128 0x8
 1341 00ce 3A       		.uleb128 0x3a
 1342 00cf 0B       		.uleb128 0xb
 1343 00d0 3B       		.uleb128 0x3b
 1344 00d1 0B       		.uleb128 0xb
 1345 00d2 49       		.uleb128 0x49
 1346 00d3 13       		.uleb128 0x13
 1347 00d4 02       		.uleb128 0x2
 1348 00d5 18       		.uleb128 0x18
 1349 00d6 00       		.byte	0
 1350 00d7 00       		.byte	0
 1351 00d8 11       		.uleb128 0x11
 1352 00d9 0B       		.uleb128 0xb
 1353 00da 01       		.byte	0x1
 1354 00db 11       		.uleb128 0x11
 1355 00dc 01       		.uleb128 0x1
 1356 00dd 12       		.uleb128 0x12
 1357 00de 06       		.uleb128 0x6
 1358 00df 00       		.byte	0
 1359 00e0 00       		.byte	0
 1360 00e1 12       		.uleb128 0x12
 1361 00e2 34       		.uleb128 0x34
 1362 00e3 00       		.byte	0
 1363 00e4 03       		.uleb128 0x3
 1364 00e5 0E       		.uleb128 0xe
 1365 00e6 3A       		.uleb128 0x3a
 1366 00e7 0B       		.uleb128 0xb
 1367 00e8 3B       		.uleb128 0x3b
 1368 00e9 0B       		.uleb128 0xb
 1369 00ea 49       		.uleb128 0x49
 1370 00eb 13       		.uleb128 0x13
 1371 00ec 02       		.uleb128 0x2
 1372 00ed 18       		.uleb128 0x18
 1373 00ee 00       		.byte	0
 1374 00ef 00       		.byte	0
 1375 00f0 13       		.uleb128 0x13
 1376 00f1 26       		.uleb128 0x26
 1377 00f2 00       		.byte	0
 1378 00f3 49       		.uleb128 0x49
 1379 00f4 13       		.uleb128 0x13
 1380 00f5 00       		.byte	0
 1381 00f6 00       		.byte	0
 1382 00f7 14       		.uleb128 0x14
 1383 00f8 2E       		.uleb128 0x2e
 1384 00f9 01       		.byte	0x1
 1385 00fa 3F       		.uleb128 0x3f
ARM GAS  C:\Users\khjtony\AppData\Local\Temp\ccE3XIhv.s 			page 32


 1386 00fb 19       		.uleb128 0x19
 1387 00fc 03       		.uleb128 0x3
 1388 00fd 0E       		.uleb128 0xe
 1389 00fe 3A       		.uleb128 0x3a
 1390 00ff 0B       		.uleb128 0xb
 1391 0100 3B       		.uleb128 0x3b
 1392 0101 05       		.uleb128 0x5
 1393 0102 27       		.uleb128 0x27
 1394 0103 19       		.uleb128 0x19
 1395 0104 11       		.uleb128 0x11
 1396 0105 01       		.uleb128 0x1
 1397 0106 12       		.uleb128 0x12
 1398 0107 06       		.uleb128 0x6
 1399 0108 40       		.uleb128 0x40
 1400 0109 18       		.uleb128 0x18
 1401 010a 9742     		.uleb128 0x2117
 1402 010c 19       		.uleb128 0x19
 1403 010d 01       		.uleb128 0x1
 1404 010e 13       		.uleb128 0x13
 1405 010f 00       		.byte	0
 1406 0110 00       		.byte	0
 1407 0111 15       		.uleb128 0x15
 1408 0112 05       		.uleb128 0x5
 1409 0113 00       		.byte	0
 1410 0114 03       		.uleb128 0x3
 1411 0115 0E       		.uleb128 0xe
 1412 0116 3A       		.uleb128 0x3a
 1413 0117 0B       		.uleb128 0xb
 1414 0118 3B       		.uleb128 0x3b
 1415 0119 05       		.uleb128 0x5
 1416 011a 49       		.uleb128 0x49
 1417 011b 13       		.uleb128 0x13
 1418 011c 02       		.uleb128 0x2
 1419 011d 18       		.uleb128 0x18
 1420 011e 00       		.byte	0
 1421 011f 00       		.byte	0
 1422 0120 16       		.uleb128 0x16
 1423 0121 34       		.uleb128 0x34
 1424 0122 00       		.byte	0
 1425 0123 03       		.uleb128 0x3
 1426 0124 0E       		.uleb128 0xe
 1427 0125 3A       		.uleb128 0x3a
 1428 0126 0B       		.uleb128 0xb
 1429 0127 3B       		.uleb128 0x3b
 1430 0128 05       		.uleb128 0x5
 1431 0129 49       		.uleb128 0x49
 1432 012a 13       		.uleb128 0x13
 1433 012b 02       		.uleb128 0x2
 1434 012c 18       		.uleb128 0x18
 1435 012d 00       		.byte	0
 1436 012e 00       		.byte	0
 1437 012f 17       		.uleb128 0x17
 1438 0130 2E       		.uleb128 0x2e
 1439 0131 01       		.byte	0x1
 1440 0132 3F       		.uleb128 0x3f
 1441 0133 19       		.uleb128 0x19
 1442 0134 03       		.uleb128 0x3
ARM GAS  C:\Users\khjtony\AppData\Local\Temp\ccE3XIhv.s 			page 33


 1443 0135 0E       		.uleb128 0xe
 1444 0136 3A       		.uleb128 0x3a
 1445 0137 0B       		.uleb128 0xb
 1446 0138 3B       		.uleb128 0x3b
 1447 0139 05       		.uleb128 0x5
 1448 013a 27       		.uleb128 0x27
 1449 013b 19       		.uleb128 0x19
 1450 013c 11       		.uleb128 0x11
 1451 013d 01       		.uleb128 0x1
 1452 013e 12       		.uleb128 0x12
 1453 013f 06       		.uleb128 0x6
 1454 0140 40       		.uleb128 0x40
 1455 0141 18       		.uleb128 0x18
 1456 0142 9642     		.uleb128 0x2116
 1457 0144 19       		.uleb128 0x19
 1458 0145 00       		.byte	0
 1459 0146 00       		.byte	0
 1460 0147 18       		.uleb128 0x18
 1461 0148 13       		.uleb128 0x13
 1462 0149 01       		.byte	0x1
 1463 014a 0B       		.uleb128 0xb
 1464 014b 0B       		.uleb128 0xb
 1465 014c 3A       		.uleb128 0x3a
 1466 014d 0B       		.uleb128 0xb
 1467 014e 3B       		.uleb128 0x3b
 1468 014f 05       		.uleb128 0x5
 1469 0150 01       		.uleb128 0x1
 1470 0151 13       		.uleb128 0x13
 1471 0152 00       		.byte	0
 1472 0153 00       		.byte	0
 1473 0154 19       		.uleb128 0x19
 1474 0155 0D       		.uleb128 0xd
 1475 0156 00       		.byte	0
 1476 0157 03       		.uleb128 0x3
 1477 0158 0E       		.uleb128 0xe
 1478 0159 3A       		.uleb128 0x3a
 1479 015a 0B       		.uleb128 0xb
 1480 015b 3B       		.uleb128 0x3b
 1481 015c 05       		.uleb128 0x5
 1482 015d 49       		.uleb128 0x49
 1483 015e 13       		.uleb128 0x13
 1484 015f 38       		.uleb128 0x38
 1485 0160 0B       		.uleb128 0xb
 1486 0161 00       		.byte	0
 1487 0162 00       		.byte	0
 1488 0163 1A       		.uleb128 0x1a
 1489 0164 01       		.uleb128 0x1
 1490 0165 01       		.byte	0x1
 1491 0166 49       		.uleb128 0x49
 1492 0167 13       		.uleb128 0x13
 1493 0168 01       		.uleb128 0x1
 1494 0169 13       		.uleb128 0x13
 1495 016a 00       		.byte	0
 1496 016b 00       		.byte	0
 1497 016c 1B       		.uleb128 0x1b
 1498 016d 21       		.uleb128 0x21
 1499 016e 00       		.byte	0
ARM GAS  C:\Users\khjtony\AppData\Local\Temp\ccE3XIhv.s 			page 34


 1500 016f 49       		.uleb128 0x49
 1501 0170 13       		.uleb128 0x13
 1502 0171 2F       		.uleb128 0x2f
 1503 0172 0B       		.uleb128 0xb
 1504 0173 00       		.byte	0
 1505 0174 00       		.byte	0
 1506 0175 1C       		.uleb128 0x1c
 1507 0176 34       		.uleb128 0x34
 1508 0177 00       		.byte	0
 1509 0178 03       		.uleb128 0x3
 1510 0179 08       		.uleb128 0x8
 1511 017a 3A       		.uleb128 0x3a
 1512 017b 0B       		.uleb128 0xb
 1513 017c 3B       		.uleb128 0x3b
 1514 017d 05       		.uleb128 0x5
 1515 017e 49       		.uleb128 0x49
 1516 017f 13       		.uleb128 0x13
 1517 0180 02       		.uleb128 0x2
 1518 0181 18       		.uleb128 0x18
 1519 0182 00       		.byte	0
 1520 0183 00       		.byte	0
 1521 0184 00       		.byte	0
 1522              		.section	.debug_aranges,"",%progbits
 1523 0000 5C000000 		.4byte	0x5c
 1524 0004 0200     		.2byte	0x2
 1525 0006 00000000 		.4byte	.Ldebug_info0
 1526 000a 04       		.byte	0x4
 1527 000b 00       		.byte	0
 1528 000c 0000     		.2byte	0
 1529 000e 0000     		.2byte	0
 1530 0010 00000000 		.4byte	.LFB0
 1531 0014 1A000000 		.4byte	.LFE0-.LFB0
 1532 0018 00000000 		.4byte	.LFB1
 1533 001c 1C000000 		.4byte	.LFE1-.LFB1
 1534 0020 00000000 		.4byte	.LFB2
 1535 0024 1C000000 		.4byte	.LFE2-.LFB2
 1536 0028 00000000 		.4byte	.LFB3
 1537 002c 0C000000 		.4byte	.LFE3-.LFB3
 1538 0030 00000000 		.4byte	.LFB4
 1539 0034 72000000 		.4byte	.LFE4-.LFB4
 1540 0038 00000000 		.4byte	.LFB5
 1541 003c D8000000 		.4byte	.LFE5-.LFB5
 1542 0040 00000000 		.4byte	.LFB6
 1543 0044 44000000 		.4byte	.LFE6-.LFB6
 1544 0048 00000000 		.4byte	.LFB7
 1545 004c 28000000 		.4byte	.LFE7-.LFB7
 1546 0050 00000000 		.4byte	.LFB8
 1547 0054 10010000 		.4byte	.LFE8-.LFB8
 1548 0058 00000000 		.4byte	0
 1549 005c 00000000 		.4byte	0
 1550              		.section	.debug_ranges,"",%progbits
 1551              	.Ldebug_ranges0:
 1552 0000 00000000 		.4byte	.LFB0
 1553 0004 1A000000 		.4byte	.LFE0
 1554 0008 00000000 		.4byte	.LFB1
 1555 000c 1C000000 		.4byte	.LFE1
 1556 0010 00000000 		.4byte	.LFB2
ARM GAS  C:\Users\khjtony\AppData\Local\Temp\ccE3XIhv.s 			page 35


 1557 0014 1C000000 		.4byte	.LFE2
 1558 0018 00000000 		.4byte	.LFB3
 1559 001c 0C000000 		.4byte	.LFE3
 1560 0020 00000000 		.4byte	.LFB4
 1561 0024 72000000 		.4byte	.LFE4
 1562 0028 00000000 		.4byte	.LFB5
 1563 002c D8000000 		.4byte	.LFE5
 1564 0030 00000000 		.4byte	.LFB6
 1565 0034 44000000 		.4byte	.LFE6
 1566 0038 00000000 		.4byte	.LFB7
 1567 003c 28000000 		.4byte	.LFE7
 1568 0040 00000000 		.4byte	.LFB8
 1569 0044 10010000 		.4byte	.LFE8
 1570 0048 00000000 		.4byte	0
 1571 004c 00000000 		.4byte	0
 1572              		.section	.debug_line,"",%progbits
 1573              	.Ldebug_line0:
 1574 0000 D6010000 		.section	.debug_str,"MS",%progbits,1
 1574      0200C200 
 1574      00000201 
 1574      FB0E0D00 
 1574      01010101 
 1575              	.LASF18:
 1576 0000 72656731 		.ascii	"reg16\000"
 1576      3600
 1577              	.LASF11:
 1578 0006 73697A65 		.ascii	"size_t\000"
 1578      5F7400
 1579              	.LASF36:
 1580 000d 416E616C 		.ascii	"AnalogSetDefault\000"
 1580      6F675365 
 1580      74446566 
 1580      61756C74 
 1580      00
 1581              	.LASF20:
 1582 001e 76616C75 		.ascii	"value\000"
 1582      6500
 1583              	.LASF32:
 1584 0024 636F756E 		.ascii	"count\000"
 1584      7400
 1585              	.LASF33:
 1586 002a 436C6F63 		.ascii	"ClockSetup\000"
 1586      6B536574 
 1586      757000
 1587              	.LASF4:
 1588 0035 73686F72 		.ascii	"short unsigned int\000"
 1588      7420756E 
 1588      7369676E 
 1588      65642069 
 1588      6E7400
 1589              	.LASF25:
 1590 0048 4359434F 		.ascii	"CYCONFIGCPYCODE\000"
 1590      4E464947 
 1590      43505943 
 1590      4F444500 
 1591              	.LASF35:
 1592 0058 706C6C4C 		.ascii	"pllLock\000"
ARM GAS  C:\Users\khjtony\AppData\Local\Temp\ccE3XIhv.s 			page 36


 1592      6F636B00 
 1593              	.LASF15:
 1594 0060 666C6F61 		.ascii	"float\000"
 1594      7400
 1595              	.LASF26:
 1596 0066 4379436C 		.ascii	"CyClockStartupError\000"
 1596      6F636B53 
 1596      74617274 
 1596      75704572 
 1596      726F7200 
 1597              	.LASF24:
 1598 007a 64657374 		.ascii	"dest\000"
 1598      00
 1599              	.LASF43:
 1600 007f 6366675F 		.ascii	"cfg_memset_list\000"
 1600      6D656D73 
 1600      65745F6C 
 1600      69737400 
 1601              	.LASF41:
 1602 008f 73697A65 		.ascii	"size\000"
 1602      00
 1603              	.LASF17:
 1604 0094 72656738 		.ascii	"reg8\000"
 1604      00
 1605              	.LASF6:
 1606 0099 6C6F6E67 		.ascii	"long unsigned int\000"
 1606      20756E73 
 1606      69676E65 
 1606      6420696E 
 1606      7400
 1607              	.LASF12:
 1608 00ab 75696E74 		.ascii	"uint8\000"
 1608      3800
 1609              	.LASF22:
 1610 00b1 43594D45 		.ascii	"CYMEMZERO\000"
 1610      4D5A4552 
 1610      4F00
 1611              	.LASF47:
 1612 00bb 53657441 		.ascii	"SetAnalogRoutingPumps\000"
 1612      6E616C6F 
 1612      67526F75 
 1612      74696E67 
 1612      50756D70 
 1613              	.LASF2:
 1614 00d1 756E7369 		.ascii	"unsigned char\000"
 1614      676E6564 
 1614      20636861 
 1614      7200
 1615              	.LASF16:
 1616 00df 646F7562 		.ascii	"double\000"
 1616      6C6500
 1617              	.LASF28:
 1618 00e6 6366675F 		.ascii	"cfg_write_bytes32\000"
 1618      77726974 
 1618      655F6279 
 1618      74657333 
 1618      3200
ARM GAS  C:\Users\khjtony\AppData\Local\Temp\ccE3XIhv.s 			page 37


 1619              	.LASF48:
 1620 00f8 63796669 		.ascii	"cyfitter_cfg\000"
 1620      74746572 
 1620      5F636667 
 1620      00
 1621              	.LASF29:
 1622 0105 61646472 		.ascii	"addr_table\000"
 1622      5F746162 
 1622      6C6500
 1623              	.LASF13:
 1624 0110 75696E74 		.ascii	"uint16\000"
 1624      313600
 1625              	.LASF30:
 1626 0117 64617461 		.ascii	"data_table\000"
 1626      5F746162 
 1626      6C6500
 1627              	.LASF27:
 1628 0122 6572726F 		.ascii	"errorCode\000"
 1628      72436F64 
 1628      6500
 1629              	.LASF14:
 1630 012c 75696E74 		.ascii	"uint32\000"
 1630      333200
 1631              	.LASF0:
 1632 0133 756E7369 		.ascii	"unsigned int\000"
 1632      676E6564 
 1632      20696E74 
 1632      00
 1633              	.LASF40:
 1634 0140 61646472 		.ascii	"address\000"
 1634      65737300 
 1635              	.LASF8:
 1636 0148 6C6F6E67 		.ascii	"long long unsigned int\000"
 1636      206C6F6E 
 1636      6720756E 
 1636      7369676E 
 1636      65642069 
 1637              	.LASF44:
 1638 015f 474E5520 		.ascii	"GNU C 4.8.4 20140526 (release) [ARM/embedded-4_8-br"
 1638      4320342E 
 1638      382E3420 
 1638      32303134 
 1638      30353236 
 1639 0192 616E6368 		.ascii	"anch revision 211358] -mcpu=cortex-m3 -mthumb -g -O"
 1639      20726576 
 1639      6973696F 
 1639      6E203231 
 1639      31333538 
 1640 01c5 30202D66 		.ascii	"0 -ffunction-sections\000"
 1640      66756E63 
 1640      74696F6E 
 1640      2D736563 
 1640      74696F6E 
 1641              	.LASF42:
 1642 01db 6366675F 		.ascii	"cfg_memset_t\000"
 1642      6D656D73 
 1642      65745F74 
ARM GAS  C:\Users\khjtony\AppData\Local\Temp\ccE3XIhv.s 			page 38


 1642      00
 1643              	.LASF31:
 1644 01e8 62617365 		.ascii	"baseAddr\000"
 1644      41646472 
 1644      00
 1645              	.LASF9:
 1646 01f1 73697A65 		.ascii	"sizetype\000"
 1646      74797065 
 1646      00
 1647              	.LASF7:
 1648 01fa 6C6F6E67 		.ascii	"long long int\000"
 1648      206C6F6E 
 1648      6720696E 
 1648      7400
 1649              	.LASF46:
 1650 0208 443A5C77 		.ascii	"D:\\workspace\\Node-Wolrus\\Node-Wolrus\\Node-Wolru"
 1650      6F726B73 
 1650      70616365 
 1650      5C4E6F64 
 1650      652D576F 
 1651 0237 732E6379 		.ascii	"s.cydsn\000"
 1651      64736E00 
 1652              	.LASF34:
 1653 023f 74696D65 		.ascii	"timeout\000"
 1653      6F757400 
 1654              	.LASF21:
 1655 0247 63795F63 		.ascii	"cy_cfg_addrvalue_t\000"
 1655      66675F61 
 1655      64647276 
 1655      616C7565 
 1655      5F7400
 1656              	.LASF19:
 1657 025a 6F666673 		.ascii	"offset\000"
 1657      657400
 1658              	.LASF3:
 1659 0261 73686F72 		.ascii	"short int\000"
 1659      7420696E 
 1659      7400
 1660              	.LASF45:
 1661 026b 2E5C4765 		.ascii	".\\Generated_Source\\PSoC5\\cyfitter_cfg.c\000"
 1661      6E657261 
 1661      7465645F 
 1661      536F7572 
 1661      63655C50 
 1662              	.LASF38:
 1663 0293 656E6162 		.ascii	"enabled\000"
 1663      6C656400 
 1664              	.LASF5:
 1665 029b 6C6F6E67 		.ascii	"long int\000"
 1665      20696E74 
 1665      00
 1666              	.LASF10:
 1667 02a4 63686172 		.ascii	"char\000"
 1667      00
 1668              	.LASF37:
 1669 02a9 62675F78 		.ascii	"bg_xover_inl_trim\000"
 1669      6F766572 
ARM GAS  C:\Users\khjtony\AppData\Local\Temp\ccE3XIhv.s 			page 39


 1669      5F696E6C 
 1669      5F747269 
 1669      6D00
 1670              	.LASF1:
 1671 02bb 7369676E 		.ascii	"signed char\000"
 1671      65642063 
 1671      68617200 
 1672              	.LASF39:
 1673 02c7 72656756 		.ascii	"regValue\000"
 1673      616C7565 
 1673      00
 1674              	.LASF23:
 1675 02d0 4359434F 		.ascii	"CYCONFIGCPY\000"
 1675      4E464947 
 1675      43505900 
 1676              		.ident	"GCC: (GNU Tools for ARM Embedded Processors) 4.8.4 20140526 (release) [ARM/embedded-4_8-br
