ARM GAS  C:\Users\khjtony\AppData\Local\Temp\ccKSRVbG.s 			page 1


   1              		.syntax unified
   2              		.cpu cortex-m3
   3              		.fpu softvfp
   4              		.eabi_attribute 20, 1
   5              		.eabi_attribute 21, 1
   6              		.eabi_attribute 23, 3
   7              		.eabi_attribute 24, 1
   8              		.eabi_attribute 25, 1
   9              		.eabi_attribute 26, 1
  10              		.eabi_attribute 30, 6
  11              		.eabi_attribute 34, 1
  12              		.eabi_attribute 18, 4
  13              		.thumb
  14              		.file	"cymetadata.c"
  15              		.text
  16              	.Ltext0:
  17              		.cfi_sections	.debug_frame
  18              		.global	cy_meta_configecc
  19              		.section	.cyconfigecc,"a",%progbits
  20              		.align	2
  21              		.type	cy_meta_configecc, %object
  22              		.size	cy_meta_configecc, 120
  23              	cy_meta_configecc:
  24 0000 01       		.byte	1
  25 0001 52       		.byte	82
  26 0002 00       		.byte	0
  27 0003 40       		.byte	64
  28 0004 01       		.byte	1
  29 0005 05       		.byte	5
  30 0006 01       		.byte	1
  31 0007 40       		.byte	64
  32 0008 01       		.byte	1
  33 0009 0B       		.byte	11
  34 000a 01       		.byte	1
  35 000b 40       		.byte	64
  36 000c 01       		.byte	1
  37 000d 15       		.byte	21
  38 000e 01       		.byte	1
  39 000f 40       		.byte	64
  40 0010 01       		.byte	1
  41 0011 1B       		.byte	27
  42 0012 01       		.byte	1
  43 0013 40       		.byte	64
  44 0014 04       		.byte	4
  45 0015 41       		.byte	65
  46 0016 01       		.byte	1
  47 0017 40       		.byte	64
  48 0018 02       		.byte	2
  49 0019 42       		.byte	66
  50 001a 01       		.byte	1
  51 001b 40       		.byte	64
  52 001c 01       		.byte	1
  53 001d 43       		.byte	67
  54 001e 01       		.byte	1
  55 001f 40       		.byte	64
  56 0020 03       		.byte	3
  57 0021 46       		.byte	70
ARM GAS  C:\Users\khjtony\AppData\Local\Temp\ccKSRVbG.s 			page 2


  58 0022 01       		.byte	1
  59 0023 40       		.byte	64
  60 0024 01       		.byte	1
  61 0025 47       		.byte	71
  62 0026 01       		.byte	1
  63 0027 40       		.byte	64
  64 0028 01       		.byte	1
  65 0029 48       		.byte	72
  66 002a 01       		.byte	1
  67 002b 40       		.byte	64
  68 002c 02       		.byte	2
  69 002d 49       		.byte	73
  70 002e 01       		.byte	1
  71 002f 40       		.byte	64
  72 0030 01       		.byte	1
  73 0031 4C       		.byte	76
  74 0032 01       		.byte	1
  75 0033 40       		.byte	64
  76 0034 07       		.byte	7
  77 0035 4D       		.byte	77
  78 0036 01       		.byte	1
  79 0037 40       		.byte	64
  80 0038 00       		.byte	0
  81 0039 01       		.byte	1
  82 003a E8       		.byte	-24
  83 003b 80       		.byte	-128
  84 003c E8       		.byte	-24
  85 003d 80       		.byte	-128
  86 003e E2       		.byte	-30
  87 003f 10       		.byte	16
  88 0040 E2       		.byte	-30
  89 0041 10       		.byte	16
  90 0042 05       		.byte	5
  91 0043 02       		.byte	2
  92 0044 57       		.byte	87
  93 0045 10       		.byte	16
  94 0046 C0       		.byte	-64
  95 0047 20       		.byte	32
  96 0048 D4       		.byte	-44
  97 0049 40       		.byte	64
  98 004a A7       		.byte	-89
  99 004b 10       		.byte	16
 100 004c B1       		.byte	-79
 101 004d 02       		.byte	2
 102 004e A7       		.byte	-89
 103 004f 10       		.byte	16
 104 0050 98       		.byte	-104
 105 0051 20       		.byte	32
 106 0052 B0       		.byte	-80
 107 0053 20       		.byte	32
 108 0054 E8       		.byte	-24
 109 0055 01       		.byte	1
 110 0056 98       		.byte	-104
 111 0057 20       		.byte	32
 112 0058 A7       		.byte	-89
 113 0059 10       		.byte	16
 114 005a 8F       		.byte	-113
ARM GAS  C:\Users\khjtony\AppData\Local\Temp\ccKSRVbG.s 			page 3


 115 005b 10       		.byte	16
 116 005c A7       		.byte	-89
 117 005d 10       		.byte	16
 118 005e 98       		.byte	-104
 119 005f 20       		.byte	32
 120 0060 18       		.byte	24
 121 0061 10       		.byte	16
 122 0062 78       		.byte	120
 123 0063 20       		.byte	32
 124 0064 8C       		.byte	-116
 125 0065 10       		.byte	16
 126 0066 98       		.byte	-104
 127 0067 20       		.byte	32
 128 0068 C6       		.byte	-58
 129 0069 08       		.byte	8
 130 006a DE       		.byte	-34
 131 006b 02       		.byte	2
 132 006c E2       		.byte	-30
 133 006d 08       		.byte	8
 134 006e 00       		.byte	0
 135 006f 00       		.byte	0
 136 0070 02       		.byte	2
 137 0071 01       		.byte	1
 138 0072 01       		.byte	1
 139 0073 00       		.byte	0
 140 0074 01       		.byte	1
 141 0075 00       		.byte	0
 142 0076 00       		.byte	0
 143 0077 00       		.byte	0
 144              		.global	cy_meta_custnvl
 145              		.section	.cycustnvl,"a",%progbits
 146              		.align	2
 147              		.type	cy_meta_custnvl, %object
 148              		.size	cy_meta_custnvl, 4
 149              	cy_meta_custnvl:
 150 0000 00       		.byte	0
 151 0001 00       		.byte	0
 152 0002 40       		.byte	64
 153 0003 05       		.byte	5
 154              		.global	cy_meta_wonvl
 155              		.section	.cywolatch,"a",%progbits
 156              		.align	2
 157              		.type	cy_meta_wonvl, %object
 158              		.size	cy_meta_wonvl, 4
 159              	cy_meta_wonvl:
 160 0000 BC       		.byte	-68
 161 0001 90       		.byte	-112
 162 0002 AC       		.byte	-84
 163 0003 AF       		.byte	-81
 164              		.global	cy_meta_flashprotect
 165              		.section	.cyflashprotect,"a",%progbits
 166              		.align	2
 167              		.type	cy_meta_flashprotect, %object
 168              		.size	cy_meta_flashprotect, 256
 169              	cy_meta_flashprotect:
 170 0000 00000000 		.space	256
 170      00000000 
ARM GAS  C:\Users\khjtony\AppData\Local\Temp\ccKSRVbG.s 			page 4


 170      00000000 
 170      00000000 
 170      00000000 
 171              		.global	cy_metadata
 172              		.section	.cymeta,"a",%progbits
 173              		.align	2
 174              		.type	cy_metadata, %object
 175              		.size	cy_metadata, 12
 176              	cy_metadata:
 177 0000 00       		.byte	0
 178 0001 01       		.byte	1
 179 0002 2E       		.byte	46
 180 0003 12       		.byte	18
 181 0004 30       		.byte	48
 182 0005 69       		.byte	105
 183 0006 00       		.byte	0
 184 0007 01       		.byte	1
 185 0008 00       		.byte	0
 186 0009 00       		.byte	0
 187 000a 00       		.byte	0
 188 000b 00       		.byte	0
 189              		.text
 190              	.Letext0:
 191              		.file 1 ".\\Generated_Source\\PSoC5\\cymetadata.c"
 192              		.file 2 ".\\Generated_Source\\PSoC5\\cytypes.h"
 193              		.section	.debug_info,"",%progbits
 194              	.Ldebug_info0:
 195 0000 35010000 		.4byte	0x135
 196 0004 0400     		.2byte	0x4
 197 0006 00000000 		.4byte	.Ldebug_abbrev0
 198 000a 04       		.byte	0x4
 199 000b 01       		.uleb128 0x1
 200 000c B8000000 		.4byte	.LASF18
 201 0010 01       		.byte	0x1
 202 0011 00000000 		.4byte	.LASF19
 203 0015 6E010000 		.4byte	.LASF20
 204 0019 00000000 		.4byte	.Ldebug_line0
 205 001d 02       		.uleb128 0x2
 206 001e 01       		.byte	0x1
 207 001f 06       		.byte	0x6
 208 0020 C3010000 		.4byte	.LASF0
 209 0024 02       		.uleb128 0x2
 210 0025 01       		.byte	0x1
 211 0026 08       		.byte	0x8
 212 0027 38000000 		.4byte	.LASF1
 213 002b 02       		.uleb128 0x2
 214 002c 02       		.byte	0x2
 215 002d 05       		.byte	0x5
 216 002e AA010000 		.4byte	.LASF2
 217 0032 02       		.uleb128 0x2
 218 0033 02       		.byte	0x2
 219 0034 07       		.byte	0x7
 220 0035 58000000 		.4byte	.LASF3
 221 0039 02       		.uleb128 0x2
 222 003a 04       		.byte	0x4
 223 003b 05       		.byte	0x5
 224 003c BA010000 		.4byte	.LASF4
ARM GAS  C:\Users\khjtony\AppData\Local\Temp\ccKSRVbG.s 			page 5


 225 0040 02       		.uleb128 0x2
 226 0041 04       		.byte	0x4
 227 0042 07       		.byte	0x7
 228 0043 46000000 		.4byte	.LASF5
 229 0047 02       		.uleb128 0x2
 230 0048 08       		.byte	0x8
 231 0049 05       		.byte	0x5
 232 004a 60010000 		.4byte	.LASF6
 233 004e 02       		.uleb128 0x2
 234 004f 08       		.byte	0x8
 235 0050 07       		.byte	0x7
 236 0051 A1000000 		.4byte	.LASF7
 237 0055 03       		.uleb128 0x3
 238 0056 04       		.byte	0x4
 239 0057 05       		.byte	0x5
 240 0058 696E7400 		.ascii	"int\000"
 241 005c 02       		.uleb128 0x2
 242 005d 04       		.byte	0x4
 243 005e 07       		.byte	0x7
 244 005f 94000000 		.4byte	.LASF8
 245 0063 04       		.uleb128 0x4
 246 0064 B4010000 		.4byte	.LASF21
 247 0068 02       		.byte	0x2
 248 0069 A1       		.byte	0xa1
 249 006a 24000000 		.4byte	0x24
 250 006e 02       		.uleb128 0x2
 251 006f 04       		.byte	0x4
 252 0070 04       		.byte	0x4
 253 0071 32000000 		.4byte	.LASF9
 254 0075 02       		.uleb128 0x2
 255 0076 08       		.byte	0x8
 256 0077 04       		.byte	0x4
 257 0078 6B000000 		.4byte	.LASF10
 258 007c 02       		.uleb128 0x2
 259 007d 01       		.byte	0x1
 260 007e 08       		.byte	0x8
 261 007f A5010000 		.4byte	.LASF11
 262 0083 05       		.uleb128 0x5
 263 0084 63000000 		.4byte	0x63
 264 0088 93000000 		.4byte	0x93
 265 008c 06       		.uleb128 0x6
 266 008d 93000000 		.4byte	0x93
 267 0091 77       		.byte	0x77
 268 0092 00       		.byte	0
 269 0093 02       		.uleb128 0x2
 270 0094 04       		.byte	0x4
 271 0095 07       		.byte	0x7
 272 0096 57010000 		.4byte	.LASF12
 273 009a 07       		.uleb128 0x7
 274 009b 82000000 		.4byte	.LASF13
 275 009f 01       		.byte	0x1
 276 00a0 1C       		.byte	0x1c
 277 00a1 AB000000 		.4byte	0xab
 278 00a5 05       		.uleb128 0x5
 279 00a6 03       		.byte	0x3
 280 00a7 00000000 		.4byte	cy_meta_configecc
 281 00ab 08       		.uleb128 0x8
ARM GAS  C:\Users\khjtony\AppData\Local\Temp\ccKSRVbG.s 			page 6


 282 00ac 83000000 		.4byte	0x83
 283 00b0 05       		.uleb128 0x5
 284 00b1 63000000 		.4byte	0x63
 285 00b5 C0000000 		.4byte	0xc0
 286 00b9 06       		.uleb128 0x6
 287 00ba 93000000 		.4byte	0x93
 288 00be 03       		.byte	0x3
 289 00bf 00       		.byte	0
 290 00c0 07       		.uleb128 0x7
 291 00c1 72000000 		.4byte	.LASF14
 292 00c5 01       		.byte	0x1
 293 00c6 35       		.byte	0x35
 294 00c7 D1000000 		.4byte	0xd1
 295 00cb 05       		.uleb128 0x5
 296 00cc 03       		.byte	0x3
 297 00cd 00000000 		.4byte	cy_meta_custnvl
 298 00d1 08       		.uleb128 0x8
 299 00d2 B0000000 		.4byte	0xb0
 300 00d6 07       		.uleb128 0x7
 301 00d7 49010000 		.4byte	.LASF15
 302 00db 01       		.byte	0x1
 303 00dc 40       		.byte	0x40
 304 00dd E7000000 		.4byte	0xe7
 305 00e1 05       		.uleb128 0x5
 306 00e2 03       		.byte	0x3
 307 00e3 00000000 		.4byte	cy_meta_wonvl
 308 00e7 08       		.uleb128 0x8
 309 00e8 B0000000 		.4byte	0xb0
 310 00ec 05       		.uleb128 0x5
 311 00ed 63000000 		.4byte	0x63
 312 00f1 FC000000 		.4byte	0xfc
 313 00f5 06       		.uleb128 0x6
 314 00f6 93000000 		.4byte	0x93
 315 00fa FF       		.byte	0xff
 316 00fb 00       		.byte	0
 317 00fc 07       		.uleb128 0x7
 318 00fd 34010000 		.4byte	.LASF16
 319 0101 01       		.byte	0x1
 320 0102 4B       		.byte	0x4b
 321 0103 0D010000 		.4byte	0x10d
 322 0107 05       		.uleb128 0x5
 323 0108 03       		.byte	0x3
 324 0109 00000000 		.4byte	cy_meta_flashprotect
 325 010d 08       		.uleb128 0x8
 326 010e EC000000 		.4byte	0xec
 327 0112 05       		.uleb128 0x5
 328 0113 63000000 		.4byte	0x63
 329 0117 22010000 		.4byte	0x122
 330 011b 06       		.uleb128 0x6
 331 011c 93000000 		.4byte	0x93
 332 0120 0B       		.byte	0xb
 333 0121 00       		.byte	0
 334 0122 07       		.uleb128 0x7
 335 0123 26000000 		.4byte	.LASF17
 336 0127 01       		.byte	0x1
 337 0128 75       		.byte	0x75
 338 0129 33010000 		.4byte	0x133
ARM GAS  C:\Users\khjtony\AppData\Local\Temp\ccKSRVbG.s 			page 7


 339 012d 05       		.uleb128 0x5
 340 012e 03       		.byte	0x3
 341 012f 00000000 		.4byte	cy_metadata
 342 0133 08       		.uleb128 0x8
 343 0134 12010000 		.4byte	0x112
 344 0138 00       		.byte	0
 345              		.section	.debug_abbrev,"",%progbits
 346              	.Ldebug_abbrev0:
 347 0000 01       		.uleb128 0x1
 348 0001 11       		.uleb128 0x11
 349 0002 01       		.byte	0x1
 350 0003 25       		.uleb128 0x25
 351 0004 0E       		.uleb128 0xe
 352 0005 13       		.uleb128 0x13
 353 0006 0B       		.uleb128 0xb
 354 0007 03       		.uleb128 0x3
 355 0008 0E       		.uleb128 0xe
 356 0009 1B       		.uleb128 0x1b
 357 000a 0E       		.uleb128 0xe
 358 000b 10       		.uleb128 0x10
 359 000c 17       		.uleb128 0x17
 360 000d 00       		.byte	0
 361 000e 00       		.byte	0
 362 000f 02       		.uleb128 0x2
 363 0010 24       		.uleb128 0x24
 364 0011 00       		.byte	0
 365 0012 0B       		.uleb128 0xb
 366 0013 0B       		.uleb128 0xb
 367 0014 3E       		.uleb128 0x3e
 368 0015 0B       		.uleb128 0xb
 369 0016 03       		.uleb128 0x3
 370 0017 0E       		.uleb128 0xe
 371 0018 00       		.byte	0
 372 0019 00       		.byte	0
 373 001a 03       		.uleb128 0x3
 374 001b 24       		.uleb128 0x24
 375 001c 00       		.byte	0
 376 001d 0B       		.uleb128 0xb
 377 001e 0B       		.uleb128 0xb
 378 001f 3E       		.uleb128 0x3e
 379 0020 0B       		.uleb128 0xb
 380 0021 03       		.uleb128 0x3
 381 0022 08       		.uleb128 0x8
 382 0023 00       		.byte	0
 383 0024 00       		.byte	0
 384 0025 04       		.uleb128 0x4
 385 0026 16       		.uleb128 0x16
 386 0027 00       		.byte	0
 387 0028 03       		.uleb128 0x3
 388 0029 0E       		.uleb128 0xe
 389 002a 3A       		.uleb128 0x3a
 390 002b 0B       		.uleb128 0xb
 391 002c 3B       		.uleb128 0x3b
 392 002d 0B       		.uleb128 0xb
 393 002e 49       		.uleb128 0x49
 394 002f 13       		.uleb128 0x13
 395 0030 00       		.byte	0
ARM GAS  C:\Users\khjtony\AppData\Local\Temp\ccKSRVbG.s 			page 8


 396 0031 00       		.byte	0
 397 0032 05       		.uleb128 0x5
 398 0033 01       		.uleb128 0x1
 399 0034 01       		.byte	0x1
 400 0035 49       		.uleb128 0x49
 401 0036 13       		.uleb128 0x13
 402 0037 01       		.uleb128 0x1
 403 0038 13       		.uleb128 0x13
 404 0039 00       		.byte	0
 405 003a 00       		.byte	0
 406 003b 06       		.uleb128 0x6
 407 003c 21       		.uleb128 0x21
 408 003d 00       		.byte	0
 409 003e 49       		.uleb128 0x49
 410 003f 13       		.uleb128 0x13
 411 0040 2F       		.uleb128 0x2f
 412 0041 0B       		.uleb128 0xb
 413 0042 00       		.byte	0
 414 0043 00       		.byte	0
 415 0044 07       		.uleb128 0x7
 416 0045 34       		.uleb128 0x34
 417 0046 00       		.byte	0
 418 0047 03       		.uleb128 0x3
 419 0048 0E       		.uleb128 0xe
 420 0049 3A       		.uleb128 0x3a
 421 004a 0B       		.uleb128 0xb
 422 004b 3B       		.uleb128 0x3b
 423 004c 0B       		.uleb128 0xb
 424 004d 49       		.uleb128 0x49
 425 004e 13       		.uleb128 0x13
 426 004f 3F       		.uleb128 0x3f
 427 0050 19       		.uleb128 0x19
 428 0051 02       		.uleb128 0x2
 429 0052 18       		.uleb128 0x18
 430 0053 00       		.byte	0
 431 0054 00       		.byte	0
 432 0055 08       		.uleb128 0x8
 433 0056 26       		.uleb128 0x26
 434 0057 00       		.byte	0
 435 0058 49       		.uleb128 0x49
 436 0059 13       		.uleb128 0x13
 437 005a 00       		.byte	0
 438 005b 00       		.byte	0
 439 005c 00       		.byte	0
 440              		.section	.debug_aranges,"",%progbits
 441 0000 14000000 		.4byte	0x14
 442 0004 0200     		.2byte	0x2
 443 0006 00000000 		.4byte	.Ldebug_info0
 444 000a 04       		.byte	0x4
 445 000b 00       		.byte	0
 446 000c 0000     		.2byte	0
 447 000e 0000     		.2byte	0
 448 0010 00000000 		.4byte	0
 449 0014 00000000 		.4byte	0
 450              		.section	.debug_line,"",%progbits
 451              	.Ldebug_line0:
 452 0000 4F000000 		.section	.debug_str,"MS",%progbits,1
ARM GAS  C:\Users\khjtony\AppData\Local\Temp\ccKSRVbG.s 			page 9


 452      02004900 
 452      00000201 
 452      FB0E0D00 
 452      01010101 
 453              	.LASF19:
 454 0000 2E5C4765 		.ascii	".\\Generated_Source\\PSoC5\\cymetadata.c\000"
 454      6E657261 
 454      7465645F 
 454      536F7572 
 454      63655C50 
 455              	.LASF17:
 456 0026 63795F6D 		.ascii	"cy_metadata\000"
 456      65746164 
 456      61746100 
 457              	.LASF9:
 458 0032 666C6F61 		.ascii	"float\000"
 458      7400
 459              	.LASF1:
 460 0038 756E7369 		.ascii	"unsigned char\000"
 460      676E6564 
 460      20636861 
 460      7200
 461              	.LASF5:
 462 0046 6C6F6E67 		.ascii	"long unsigned int\000"
 462      20756E73 
 462      69676E65 
 462      6420696E 
 462      7400
 463              	.LASF3:
 464 0058 73686F72 		.ascii	"short unsigned int\000"
 464      7420756E 
 464      7369676E 
 464      65642069 
 464      6E7400
 465              	.LASF10:
 466 006b 646F7562 		.ascii	"double\000"
 466      6C6500
 467              	.LASF14:
 468 0072 63795F6D 		.ascii	"cy_meta_custnvl\000"
 468      6574615F 
 468      63757374 
 468      6E766C00 
 469              	.LASF13:
 470 0082 63795F6D 		.ascii	"cy_meta_configecc\000"
 470      6574615F 
 470      636F6E66 
 470      69676563 
 470      6300
 471              	.LASF8:
 472 0094 756E7369 		.ascii	"unsigned int\000"
 472      676E6564 
 472      20696E74 
 472      00
 473              	.LASF7:
 474 00a1 6C6F6E67 		.ascii	"long long unsigned int\000"
 474      206C6F6E 
 474      6720756E 
ARM GAS  C:\Users\khjtony\AppData\Local\Temp\ccKSRVbG.s 			page 10


 474      7369676E 
 474      65642069 
 475              	.LASF18:
 476 00b8 474E5520 		.ascii	"GNU C 4.8.4 20140526 (release) [ARM/embedded-4_8-br"
 476      4320342E 
 476      382E3420 
 476      32303134 
 476      30353236 
 477 00eb 616E6368 		.ascii	"anch revision 211358] -mcpu=cortex-m3 -mthumb -g -O"
 477      20726576 
 477      6973696F 
 477      6E203231 
 477      31333538 
 478 011e 30202D66 		.ascii	"0 -ffunction-sections\000"
 478      66756E63 
 478      74696F6E 
 478      2D736563 
 478      74696F6E 
 479              	.LASF16:
 480 0134 63795F6D 		.ascii	"cy_meta_flashprotect\000"
 480      6574615F 
 480      666C6173 
 480      6870726F 
 480      74656374 
 481              	.LASF15:
 482 0149 63795F6D 		.ascii	"cy_meta_wonvl\000"
 482      6574615F 
 482      776F6E76 
 482      6C00
 483              	.LASF12:
 484 0157 73697A65 		.ascii	"sizetype\000"
 484      74797065 
 484      00
 485              	.LASF6:
 486 0160 6C6F6E67 		.ascii	"long long int\000"
 486      206C6F6E 
 486      6720696E 
 486      7400
 487              	.LASF20:
 488 016e 443A5C77 		.ascii	"D:\\workspace\\Node-Wolrus\\Node-Wolrus\\Node-Wolru"
 488      6F726B73 
 488      70616365 
 488      5C4E6F64 
 488      652D576F 
 489 019d 732E6379 		.ascii	"s.cydsn\000"
 489      64736E00 
 490              	.LASF11:
 491 01a5 63686172 		.ascii	"char\000"
 491      00
 492              	.LASF2:
 493 01aa 73686F72 		.ascii	"short int\000"
 493      7420696E 
 493      7400
 494              	.LASF21:
 495 01b4 75696E74 		.ascii	"uint8\000"
 495      3800
 496              	.LASF4:
ARM GAS  C:\Users\khjtony\AppData\Local\Temp\ccKSRVbG.s 			page 11


 497 01ba 6C6F6E67 		.ascii	"long int\000"
 497      20696E74 
 497      00
 498              	.LASF0:
 499 01c3 7369676E 		.ascii	"signed char\000"
 499      65642063 
 499      68617200 
 500              		.ident	"GCC: (GNU Tools for ARM Embedded Processors) 4.8.4 20140526 (release) [ARM/embedded-4_8-br
